<?xml version="1.0" encoding="UTF-8"?>
<robot generator="Robot 3.2.1 (Python 3.8.1 on win32)" generated="20200526 10:23:30.993" rpa="false">
<suite id="s1" name="Amazon" source="C:\development\robot-scripts\amazon\tests\amazon.robot">
<test id="s1-t1" name="Logged out user can search for products">
<kw name="Begin Web Test" library="Common" type="setup">
<kw name="Open Browser" library="SeleniumLibrary">
<doc>Opens a new browser instance to the optional ``url``.</doc>
<arguments>
<arg>about:blank</arg>
<arg>firefox</arg>
</arguments>
<msg timestamp="20200526 10:23:31.397" level="INFO">Opening browser 'firefox' to base url 'about:blank'.</msg>
<msg timestamp="20200526 10:23:31.400" level="INFO">Firefox driver log is always forced to to: C:\development\robot-scripts\amazon\results\geckodriver-1.log</msg>
<status status="PASS" starttime="20200526 10:23:31.396" endtime="20200526 10:23:37.762"></status>
</kw>
<kw name="Maximize Browser Window" library="SeleniumLibrary">
<doc>Maximizes current browser window.</doc>
<status status="PASS" starttime="20200526 10:23:37.762" endtime="20200526 10:23:37.764"></status>
</kw>
<status status="PASS" starttime="20200526 10:23:31.396" endtime="20200526 10:23:37.764"></status>
</kw>
<kw name="Search for Products" library="AmazonApp">
<kw name="Load" library="LandingPage">
<kw name="Go To" library="SeleniumLibrary">
<doc>Navigates the current browser window to the provided ``url``.</doc>
<arguments>
<arg>http://www.amazon.com</arg>
</arguments>
<msg timestamp="20200526 10:23:37.765" level="INFO">Opening url 'http://www.amazon.com'</msg>
<status status="PASS" starttime="20200526 10:23:37.765" endtime="20200526 10:23:49.091"></status>
</kw>
<status status="PASS" starttime="20200526 10:23:37.765" endtime="20200526 10:23:49.092"></status>
</kw>
<kw name="Verify Page Loaded" library="LandingPage">
<kw name="Wait Until Page Contains" library="SeleniumLibrary">
<doc>Waits until ``text`` appears on the current page.</doc>
<arguments>
<arg>Amazon.com</arg>
</arguments>
<status status="PASS" starttime="20200526 10:23:49.092" endtime="20200526 10:23:49.133"></status>
</kw>
<status status="PASS" starttime="20200526 10:23:49.092" endtime="20200526 10:23:49.134"></status>
</kw>
<kw name="Search for Products" library="TopNav">
<kw name="Enter Search Term" library="TopNav">
<kw name="Input Text" library="SeleniumLibrary">
<doc>Types the given ``text`` into the text field identified by ``locator``.</doc>
<arguments>
<arg>id=twotabsearchtextbox</arg>
<arg>Ferrari 458</arg>
</arguments>
<msg timestamp="20200526 10:23:49.135" level="INFO">Typing text 'Ferrari 458' into text field 'id=twotabsearchtextbox'.</msg>
<status status="PASS" starttime="20200526 10:23:49.135" endtime="20200526 10:23:49.177"></status>
</kw>
<status status="PASS" starttime="20200526 10:23:49.134" endtime="20200526 10:23:49.178"></status>
</kw>
<kw name="Submit Search" library="TopNav">
<kw name="Click Button" library="SeleniumLibrary">
<doc>Clicks the button identified by ``locator``.</doc>
<arguments>
<arg>xpath=//*[@id="nav-search"]/form/div[2]/div/input</arg>
</arguments>
<msg timestamp="20200526 10:23:49.178" level="INFO">Clicking button 'xpath=//*[@id="nav-search"]/form/div[2]/div/input'.</msg>
<status status="PASS" starttime="20200526 10:23:49.178" endtime="20200526 10:23:52.328"></status>
</kw>
<status status="PASS" starttime="20200526 10:23:49.178" endtime="20200526 10:23:52.329"></status>
</kw>
<status status="PASS" starttime="20200526 10:23:49.134" endtime="20200526 10:23:52.329"></status>
</kw>
<kw name="Verify Search Completed" library="SearchResults">
<kw name="Wait Until Page Contains" library="SeleniumLibrary">
<doc>Waits until ``text`` appears on the current page.</doc>
<arguments>
<arg>results for "Ferrari 458"</arg>
</arguments>
<status status="PASS" starttime="20200526 10:23:52.330" endtime="20200526 10:23:52.396"></status>
</kw>
<status status="PASS" starttime="20200526 10:23:52.329" endtime="20200526 10:23:52.396"></status>
</kw>
<status status="PASS" starttime="20200526 10:23:37.765" endtime="20200526 10:23:52.396"></status>
</kw>
<kw name="End Web Test" library="Common" type="teardown">
<kw name="Close Browser" library="SeleniumLibrary">
<doc>Closes the current browser.</doc>
<status status="PASS" starttime="20200526 10:23:52.397" endtime="20200526 10:23:53.865"></status>
</kw>
<status status="PASS" starttime="20200526 10:23:52.397" endtime="20200526 10:23:53.865"></status>
</kw>
<tags>
<tag>Smoke</tag>
</tags>
<status status="PASS" starttime="20200526 10:23:31.395" endtime="20200526 10:23:53.865" critical="yes"></status>
</test>
<test id="s1-t2" name="Logged out user can view a product">
<kw name="Begin Web Test" library="Common" type="setup">
<kw name="Open Browser" library="SeleniumLibrary">
<doc>Opens a new browser instance to the optional ``url``.</doc>
<arguments>
<arg>about:blank</arg>
<arg>firefox</arg>
</arguments>
<msg timestamp="20200526 10:23:53.868" level="INFO">Opening browser 'firefox' to base url 'about:blank'.</msg>
<msg timestamp="20200526 10:23:53.869" level="INFO">Firefox driver log is always forced to to: C:\development\robot-scripts\amazon\results\geckodriver-2.log</msg>
<status status="PASS" starttime="20200526 10:23:53.867" endtime="20200526 10:23:59.706"></status>
</kw>
<kw name="Maximize Browser Window" library="SeleniumLibrary">
<doc>Maximizes current browser window.</doc>
<status status="PASS" starttime="20200526 10:23:59.707" endtime="20200526 10:23:59.709"></status>
</kw>
<status status="PASS" starttime="20200526 10:23:53.867" endtime="20200526 10:23:59.709"></status>
</kw>
<kw name="Search for Products" library="AmazonApp">
<kw name="Load" library="LandingPage">
<kw name="Go To" library="SeleniumLibrary">
<doc>Navigates the current browser window to the provided ``url``.</doc>
<arguments>
<arg>http://www.amazon.com</arg>
</arguments>
<msg timestamp="20200526 10:23:59.711" level="INFO">Opening url 'http://www.amazon.com'</msg>
<status status="PASS" starttime="20200526 10:23:59.711" endtime="20200526 10:24:06.398"></status>
</kw>
<status status="PASS" starttime="20200526 10:23:59.711" endtime="20200526 10:24:06.398"></status>
</kw>
<kw name="Verify Page Loaded" library="LandingPage">
<kw name="Wait Until Page Contains" library="SeleniumLibrary">
<doc>Waits until ``text`` appears on the current page.</doc>
<arguments>
<arg>Amazon.com</arg>
</arguments>
<status status="PASS" starttime="20200526 10:24:06.399" endtime="20200526 10:24:06.436"></status>
</kw>
<status status="PASS" starttime="20200526 10:24:06.398" endtime="20200526 10:24:06.437"></status>
</kw>
<kw name="Search for Products" library="TopNav">
<kw name="Enter Search Term" library="TopNav">
<kw name="Input Text" library="SeleniumLibrary">
<doc>Types the given ``text`` into the text field identified by ``locator``.</doc>
<arguments>
<arg>id=twotabsearchtextbox</arg>
<arg>Ferrari 458</arg>
</arguments>
<msg timestamp="20200526 10:24:06.437" level="INFO">Typing text 'Ferrari 458' into text field 'id=twotabsearchtextbox'.</msg>
<status status="PASS" starttime="20200526 10:24:06.437" endtime="20200526 10:24:06.479"></status>
</kw>
<status status="PASS" starttime="20200526 10:24:06.437" endtime="20200526 10:24:06.479"></status>
</kw>
<kw name="Submit Search" library="TopNav">
<kw name="Click Button" library="SeleniumLibrary">
<doc>Clicks the button identified by ``locator``.</doc>
<arguments>
<arg>xpath=//*[@id="nav-search"]/form/div[2]/div/input</arg>
</arguments>
<msg timestamp="20200526 10:24:06.480" level="INFO">Clicking button 'xpath=//*[@id="nav-search"]/form/div[2]/div/input'.</msg>
<status status="PASS" starttime="20200526 10:24:06.480" endtime="20200526 10:24:09.010"></status>
</kw>
<status status="PASS" starttime="20200526 10:24:06.479" endtime="20200526 10:24:09.010"></status>
</kw>
<status status="PASS" starttime="20200526 10:24:06.437" endtime="20200526 10:24:09.011"></status>
</kw>
<kw name="Verify Search Completed" library="SearchResults">
<kw name="Wait Until Page Contains" library="SeleniumLibrary">
<doc>Waits until ``text`` appears on the current page.</doc>
<arguments>
<arg>results for "Ferrari 458"</arg>
</arguments>
<status status="PASS" starttime="20200526 10:24:09.011" endtime="20200526 10:24:09.078"></status>
</kw>
<status status="PASS" starttime="20200526 10:24:09.011" endtime="20200526 10:24:09.078"></status>
</kw>
<status status="PASS" starttime="20200526 10:23:59.711" endtime="20200526 10:24:09.079"></status>
</kw>
<kw name="Select Product from Search Results" library="AmazonApp">
<kw name="Click Product Link" library="SearchResults">
<doc>Clicks on the first product in the search results list</doc>
<kw name="Click Link" library="SeleniumLibrary">
<doc>Clicks a link identified by ``locator``.</doc>
<arguments>
<arg>css=div.sg-col-4-of-24:nth-child(5) &gt; div:nth-child(1) &gt; span:nth-child(1) &gt; div:nth-child(1) &gt; div:nth-child(1) &gt; div:nth-child(3) &gt; h2:nth-child(1) &gt; a:nth-child(1)</arg>
</arguments>
<msg timestamp="20200526 10:24:09.080" level="INFO">Clicking link 'css=div.sg-col-4-of-24:nth-child(5) &gt; div:nth-child(1) &gt; span:nth-child(1) &gt; div:nth-child(1) &gt; div:nth-child(1) &gt; div:nth-child(3) &gt; h2:nth-child(1) &gt; a:nth-child(1)'.</msg>
<status status="PASS" starttime="20200526 10:24:09.080" endtime="20200526 10:24:13.223"></status>
</kw>
<status status="PASS" starttime="20200526 10:24:09.080" endtime="20200526 10:24:13.223"></status>
</kw>
<kw name="Verify Page Loaded" library="Product">
<kw name="Wait Until Page Contains" library="SeleniumLibrary">
<doc>Waits until ``text`` appears on the current page.</doc>
<arguments>
<arg>Back to results</arg>
</arguments>
<status status="PASS" starttime="20200526 10:24:13.224" endtime="20200526 10:24:13.289"></status>
</kw>
<status status="PASS" starttime="20200526 10:24:13.223" endtime="20200526 10:24:13.289"></status>
</kw>
<status status="PASS" starttime="20200526 10:24:09.079" endtime="20200526 10:24:13.289"></status>
</kw>
<kw name="End Web Test" library="Common" type="teardown">
<kw name="Close Browser" library="SeleniumLibrary">
<doc>Closes the current browser.</doc>
<status status="PASS" starttime="20200526 10:24:13.292" endtime="20200526 10:24:14.993"></status>
</kw>
<status status="PASS" starttime="20200526 10:24:13.291" endtime="20200526 10:24:14.994"></status>
</kw>
<tags>
<tag>Smoke</tag>
</tags>
<status status="PASS" starttime="20200526 10:23:53.866" endtime="20200526 10:24:14.994" critical="yes"></status>
</test>
<test id="s1-t3" name="Logged out user can add product to cart">
<kw name="Begin Web Test" library="Common" type="setup">
<kw name="Open Browser" library="SeleniumLibrary">
<doc>Opens a new browser instance to the optional ``url``.</doc>
<arguments>
<arg>about:blank</arg>
<arg>firefox</arg>
</arguments>
<msg timestamp="20200526 10:24:14.996" level="INFO">Opening browser 'firefox' to base url 'about:blank'.</msg>
<msg timestamp="20200526 10:24:14.998" level="INFO">Firefox driver log is always forced to to: C:\development\robot-scripts\amazon\results\geckodriver-3.log</msg>
<status status="PASS" starttime="20200526 10:24:14.996" endtime="20200526 10:24:20.846"></status>
</kw>
<kw name="Maximize Browser Window" library="SeleniumLibrary">
<doc>Maximizes current browser window.</doc>
<status status="PASS" starttime="20200526 10:24:20.847" endtime="20200526 10:24:20.848"></status>
</kw>
<status status="PASS" starttime="20200526 10:24:14.995" endtime="20200526 10:24:20.849"></status>
</kw>
<kw name="Search for Products" library="AmazonApp">
<kw name="Load" library="LandingPage">
<kw name="Go To" library="SeleniumLibrary">
<doc>Navigates the current browser window to the provided ``url``.</doc>
<arguments>
<arg>http://www.amazon.com</arg>
</arguments>
<msg timestamp="20200526 10:24:20.850" level="INFO">Opening url 'http://www.amazon.com'</msg>
<status status="PASS" starttime="20200526 10:24:20.850" endtime="20200526 10:24:27.778"></status>
</kw>
<status status="PASS" starttime="20200526 10:24:20.850" endtime="20200526 10:24:27.778"></status>
</kw>
<kw name="Verify Page Loaded" library="LandingPage">
<kw name="Wait Until Page Contains" library="SeleniumLibrary">
<doc>Waits until ``text`` appears on the current page.</doc>
<arguments>
<arg>Amazon.com</arg>
</arguments>
<status status="PASS" starttime="20200526 10:24:27.780" endtime="20200526 10:24:27.816"></status>
</kw>
<status status="PASS" starttime="20200526 10:24:27.779" endtime="20200526 10:24:27.816"></status>
</kw>
<kw name="Search for Products" library="TopNav">
<kw name="Enter Search Term" library="TopNav">
<kw name="Input Text" library="SeleniumLibrary">
<doc>Types the given ``text`` into the text field identified by ``locator``.</doc>
<arguments>
<arg>id=twotabsearchtextbox</arg>
<arg>Ferrari 458</arg>
</arguments>
<msg timestamp="20200526 10:24:27.817" level="INFO">Typing text 'Ferrari 458' into text field 'id=twotabsearchtextbox'.</msg>
<status status="PASS" starttime="20200526 10:24:27.817" endtime="20200526 10:24:27.866"></status>
</kw>
<status status="PASS" starttime="20200526 10:24:27.817" endtime="20200526 10:24:27.866"></status>
</kw>
<kw name="Submit Search" library="TopNav">
<kw name="Click Button" library="SeleniumLibrary">
<doc>Clicks the button identified by ``locator``.</doc>
<arguments>
<arg>xpath=//*[@id="nav-search"]/form/div[2]/div/input</arg>
</arguments>
<msg timestamp="20200526 10:24:27.866" level="INFO">Clicking button 'xpath=//*[@id="nav-search"]/form/div[2]/div/input'.</msg>
<status status="PASS" starttime="20200526 10:24:27.866" endtime="20200526 10:24:30.059"></status>
</kw>
<status status="PASS" starttime="20200526 10:24:27.866" endtime="20200526 10:24:30.059"></status>
</kw>
<status status="PASS" starttime="20200526 10:24:27.816" endtime="20200526 10:24:30.059"></status>
</kw>
<kw name="Verify Search Completed" library="SearchResults">
<kw name="Wait Until Page Contains" library="SeleniumLibrary">
<doc>Waits until ``text`` appears on the current page.</doc>
<arguments>
<arg>results for "Ferrari 458"</arg>
</arguments>
<status status="PASS" starttime="20200526 10:24:30.060" endtime="20200526 10:24:30.098"></status>
</kw>
<status status="PASS" starttime="20200526 10:24:30.059" endtime="20200526 10:24:30.098"></status>
</kw>
<status status="PASS" starttime="20200526 10:24:20.849" endtime="20200526 10:24:30.098"></status>
</kw>
<kw name="Select Product from Search Results" library="AmazonApp">
<kw name="Click Product Link" library="SearchResults">
<doc>Clicks on the first product in the search results list</doc>
<kw name="Click Link" library="SeleniumLibrary">
<doc>Clicks a link identified by ``locator``.</doc>
<arguments>
<arg>css=div.sg-col-4-of-24:nth-child(5) &gt; div:nth-child(1) &gt; span:nth-child(1) &gt; div:nth-child(1) &gt; div:nth-child(1) &gt; div:nth-child(3) &gt; h2:nth-child(1) &gt; a:nth-child(1)</arg>
</arguments>
<msg timestamp="20200526 10:24:30.099" level="INFO">Clicking link 'css=div.sg-col-4-of-24:nth-child(5) &gt; div:nth-child(1) &gt; span:nth-child(1) &gt; div:nth-child(1) &gt; div:nth-child(1) &gt; div:nth-child(3) &gt; h2:nth-child(1) &gt; a:nth-child(1)'.</msg>
<kw name="Capture Page Screenshot" library="SeleniumLibrary">
<doc>Takes a screenshot of the current page and embeds it into a log file.</doc>
<msg timestamp="20200526 10:24:30.233" level="INFO" html="yes">&lt;/td&gt;&lt;/tr&gt;&lt;tr&gt;&lt;td colspan="3"&gt;&lt;a href="selenium-screenshot-1.png"&gt;&lt;img src="selenium-screenshot-1.png" width="800px"&gt;&lt;/a&gt;</msg>
<status status="PASS" starttime="20200526 10:24:30.107" endtime="20200526 10:24:30.233"></status>
</kw>
<msg timestamp="20200526 10:24:30.249" level="FAIL">Link with locator 'css=div.sg-col-4-of-24:nth-child(5) &gt; div:nth-child(1) &gt; span:nth-child(1) &gt; div:nth-child(1) &gt; div:nth-child(1) &gt; div:nth-child(3) &gt; h2:nth-child(1) &gt; a:nth-child(1)' not found.</msg>
<status status="FAIL" starttime="20200526 10:24:30.099" endtime="20200526 10:24:30.251"></status>
</kw>
<status status="FAIL" starttime="20200526 10:24:30.099" endtime="20200526 10:24:30.251"></status>
</kw>
<status status="FAIL" starttime="20200526 10:24:30.098" endtime="20200526 10:24:30.252"></status>
</kw>
<kw name="End Web Test" library="Common" type="teardown">
<kw name="Close Browser" library="SeleniumLibrary">
<doc>Closes the current browser.</doc>
<status status="PASS" starttime="20200526 10:24:30.253" endtime="20200526 10:24:31.999"></status>
</kw>
<status status="PASS" starttime="20200526 10:24:30.253" endtime="20200526 10:24:31.999"></status>
</kw>
<tags>
<tag>Smoke</tag>
</tags>
<status status="FAIL" starttime="20200526 10:24:14.995" endtime="20200526 10:24:31.999" critical="yes">Link with locator 'css=div.sg-col-4-of-24:nth-child(5) &gt; div:nth-child(1) &gt; span:nth-child(1) &gt; div:nth-child(1) &gt; div:nth-child(1) &gt; div:nth-child(3) &gt; h2:nth-child(1) &gt; a:nth-child(1)' not found.</status>
</test>
<test id="s1-t4" name="Logged out user must sign in to check out">
<kw name="Begin Web Test" library="Common" type="setup">
<kw name="Open Browser" library="SeleniumLibrary">
<doc>Opens a new browser instance to the optional ``url``.</doc>
<arguments>
<arg>about:blank</arg>
<arg>firefox</arg>
</arguments>
<msg timestamp="20200526 10:24:32.002" level="INFO">Opening browser 'firefox' to base url 'about:blank'.</msg>
<msg timestamp="20200526 10:24:32.004" level="INFO">Firefox driver log is always forced to to: C:\development\robot-scripts\amazon\results\geckodriver-4.log</msg>
<status status="PASS" starttime="20200526 10:24:32.002" endtime="20200526 10:24:37.838"></status>
</kw>
<kw name="Maximize Browser Window" library="SeleniumLibrary">
<doc>Maximizes current browser window.</doc>
<status status="PASS" starttime="20200526 10:24:37.838" endtime="20200526 10:24:37.840"></status>
</kw>
<status status="PASS" starttime="20200526 10:24:32.001" endtime="20200526 10:24:37.841"></status>
</kw>
<kw name="Search for Products" library="AmazonApp">
<kw name="Load" library="LandingPage">
<kw name="Go To" library="SeleniumLibrary">
<doc>Navigates the current browser window to the provided ``url``.</doc>
<arguments>
<arg>http://www.amazon.com</arg>
</arguments>
<msg timestamp="20200526 10:24:37.842" level="INFO">Opening url 'http://www.amazon.com'</msg>
<status status="PASS" starttime="20200526 10:24:37.841" endtime="20200526 10:24:45.476"></status>
</kw>
<status status="PASS" starttime="20200526 10:24:37.841" endtime="20200526 10:24:45.477"></status>
</kw>
<kw name="Verify Page Loaded" library="LandingPage">
<kw name="Wait Until Page Contains" library="SeleniumLibrary">
<doc>Waits until ``text`` appears on the current page.</doc>
<arguments>
<arg>Amazon.com</arg>
</arguments>
<status status="PASS" starttime="20200526 10:24:45.477" endtime="20200526 10:24:45.521"></status>
</kw>
<status status="PASS" starttime="20200526 10:24:45.477" endtime="20200526 10:24:45.521"></status>
</kw>
<kw name="Search for Products" library="TopNav">
<kw name="Enter Search Term" library="TopNav">
<kw name="Input Text" library="SeleniumLibrary">
<doc>Types the given ``text`` into the text field identified by ``locator``.</doc>
<arguments>
<arg>id=twotabsearchtextbox</arg>
<arg>Ferrari 458</arg>
</arguments>
<msg timestamp="20200526 10:24:45.522" level="INFO">Typing text 'Ferrari 458' into text field 'id=twotabsearchtextbox'.</msg>
<status status="PASS" starttime="20200526 10:24:45.522" endtime="20200526 10:24:45.567"></status>
</kw>
<status status="PASS" starttime="20200526 10:24:45.522" endtime="20200526 10:24:45.567"></status>
</kw>
<kw name="Submit Search" library="TopNav">
<kw name="Click Button" library="SeleniumLibrary">
<doc>Clicks the button identified by ``locator``.</doc>
<arguments>
<arg>xpath=//*[@id="nav-search"]/form/div[2]/div/input</arg>
</arguments>
<msg timestamp="20200526 10:24:45.569" level="INFO">Clicking button 'xpath=//*[@id="nav-search"]/form/div[2]/div/input'.</msg>
<status status="PASS" starttime="20200526 10:24:45.568" endtime="20200526 10:24:47.856"></status>
</kw>
<status status="PASS" starttime="20200526 10:24:45.568" endtime="20200526 10:24:47.856"></status>
</kw>
<status status="PASS" starttime="20200526 10:24:45.521" endtime="20200526 10:24:47.856"></status>
</kw>
<kw name="Verify Search Completed" library="SearchResults">
<kw name="Wait Until Page Contains" library="SeleniumLibrary">
<doc>Waits until ``text`` appears on the current page.</doc>
<arguments>
<arg>results for "Ferrari 458"</arg>
</arguments>
<status status="PASS" starttime="20200526 10:24:47.857" endtime="20200526 10:24:47.883"></status>
</kw>
<status status="PASS" starttime="20200526 10:24:47.857" endtime="20200526 10:24:47.883"></status>
</kw>
<status status="PASS" starttime="20200526 10:24:37.841" endtime="20200526 10:24:47.883"></status>
</kw>
<kw name="Select Product from Search Results" library="AmazonApp">
<kw name="Click Product Link" library="SearchResults">
<doc>Clicks on the first product in the search results list</doc>
<kw name="Click Link" library="SeleniumLibrary">
<doc>Clicks a link identified by ``locator``.</doc>
<arguments>
<arg>css=div.sg-col-4-of-24:nth-child(5) &gt; div:nth-child(1) &gt; span:nth-child(1) &gt; div:nth-child(1) &gt; div:nth-child(1) &gt; div:nth-child(3) &gt; h2:nth-child(1) &gt; a:nth-child(1)</arg>
</arguments>
<msg timestamp="20200526 10:24:47.885" level="INFO">Clicking link 'css=div.sg-col-4-of-24:nth-child(5) &gt; div:nth-child(1) &gt; span:nth-child(1) &gt; div:nth-child(1) &gt; div:nth-child(1) &gt; div:nth-child(3) &gt; h2:nth-child(1) &gt; a:nth-child(1)'.</msg>
<kw name="Capture Page Screenshot" library="SeleniumLibrary">
<doc>Takes a screenshot of the current page and embeds it into a log file.</doc>
<msg timestamp="20200526 10:24:48.001" level="INFO" html="yes">&lt;/td&gt;&lt;/tr&gt;&lt;tr&gt;&lt;td colspan="3"&gt;&lt;a href="selenium-screenshot-2.png"&gt;&lt;img src="selenium-screenshot-2.png" width="800px"&gt;&lt;/a&gt;</msg>
<status status="PASS" starttime="20200526 10:24:47.893" endtime="20200526 10:24:48.001"></status>
</kw>
<msg timestamp="20200526 10:24:48.003" level="FAIL">Link with locator 'css=div.sg-col-4-of-24:nth-child(5) &gt; div:nth-child(1) &gt; span:nth-child(1) &gt; div:nth-child(1) &gt; div:nth-child(1) &gt; div:nth-child(3) &gt; h2:nth-child(1) &gt; a:nth-child(1)' not found.</msg>
<status status="FAIL" starttime="20200526 10:24:47.884" endtime="20200526 10:24:48.003"></status>
</kw>
<status status="FAIL" starttime="20200526 10:24:47.884" endtime="20200526 10:24:48.003"></status>
</kw>
<status status="FAIL" starttime="20200526 10:24:47.884" endtime="20200526 10:24:48.003"></status>
</kw>
<kw name="End Web Test" library="Common" type="teardown">
<kw name="Close Browser" library="SeleniumLibrary">
<doc>Closes the current browser.</doc>
<status status="PASS" starttime="20200526 10:24:48.004" endtime="20200526 10:24:49.838"></status>
</kw>
<status status="PASS" starttime="20200526 10:24:48.003" endtime="20200526 10:24:49.838"></status>
</kw>
<tags>
<tag>Smoke</tag>
</tags>
<status status="FAIL" starttime="20200526 10:24:32.000" endtime="20200526 10:24:49.838" critical="yes">Link with locator 'css=div.sg-col-4-of-24:nth-child(5) &gt; div:nth-child(1) &gt; span:nth-child(1) &gt; div:nth-child(1) &gt; div:nth-child(1) &gt; div:nth-child(3) &gt; h2:nth-child(1) &gt; a:nth-child(1)' not found.</status>
</test>
<doc>This is some basic info about the whole suite</doc>
<status status="FAIL" starttime="20200526 10:23:30.997" endtime="20200526 10:24:49.840"></status>
</suite>
<statistics>
<total>
<stat pass="2" fail="2">Critical Tests</stat>
<stat pass="2" fail="2">All Tests</stat>
</total>
<tag>
<stat pass="2" fail="2">Smoke</stat>
</tag>
<suite>
<stat pass="2" fail="2" id="s1" name="Amazon">Amazon</stat>
</suite>
</statistics>
<errors>
</errors>
</robot>
