<?xml version="1.0" encoding="UTF-8"?>
<robot generator="Robot 3.2.1 (Python 3.8.1 on win32)" generated="20200523 16:05:33.223" rpa="false">
<suite id="s1" name="Amazon" source="C:\development\robot-scripts\amazon\tests\amazon.robot">
<test id="s1-t1" name="Logged out user can search for products">
<kw name="Begin Web Test" library="Common" type="setup">
<kw name="Open Browser" library="SeleniumLibrary">
<doc>Opens a new browser instance to the optional ``url``.</doc>
<arguments>
<arg>about:blank</arg>
<arg>firefox</arg>
</arguments>
<msg timestamp="20200523 16:05:33.512" level="INFO">Opening browser 'firefox' to base url 'about:blank'.</msg>
<msg timestamp="20200523 16:05:33.514" level="INFO">Firefox driver log is always forced to to: C:\development\robot-scripts\amazon\results\geckodriver-1.log</msg>
<status status="PASS" starttime="20200523 16:05:33.511" endtime="20200523 16:05:39.467"></status>
</kw>
<kw name="Maximize Browser Window" library="SeleniumLibrary">
<doc>Maximizes current browser window.</doc>
<status status="PASS" starttime="20200523 16:05:39.468" endtime="20200523 16:05:39.471"></status>
</kw>
<status status="PASS" starttime="20200523 16:05:33.511" endtime="20200523 16:05:39.472"></status>
</kw>
<kw name="Search for Products" library="AmazonApp">
<kw name="Load" library="LandingPage">
<kw name="Go To" library="SeleniumLibrary">
<doc>Navigates the current browser window to the provided ``url``.</doc>
<arguments>
<arg>http://www.amazon.com</arg>
</arguments>
<msg timestamp="20200523 16:05:39.474" level="INFO">Opening url 'http://www.amazon.com'</msg>
<status status="PASS" starttime="20200523 16:05:39.473" endtime="20200523 16:05:41.837"></status>
</kw>
<status status="PASS" starttime="20200523 16:05:39.473" endtime="20200523 16:05:41.837"></status>
</kw>
<kw name="Verify Page Loaded" library="LandingPage">
<kw name="Wait Until Page Contains" library="SeleniumLibrary">
<doc>Waits until ``text`` appears on the current page.</doc>
<arguments>
<arg>Amazon.com</arg>
</arguments>
<status status="PASS" starttime="20200523 16:05:41.838" endtime="20200523 16:05:41.878"></status>
</kw>
<status status="PASS" starttime="20200523 16:05:41.837" endtime="20200523 16:05:41.878"></status>
</kw>
<kw name="Search for Products" library="TopNav">
<kw name="Enter Search Term" library="TopNav">
<kw name="Input Text" library="SeleniumLibrary">
<doc>Types the given ``text`` into the text field identified by ``locator``.</doc>
<arguments>
<arg>id=twotabsearchtextbox</arg>
<arg>Ferrari 458</arg>
</arguments>
<msg timestamp="20200523 16:05:41.880" level="INFO">Typing text 'Ferrari 458' into text field 'id=twotabsearchtextbox'.</msg>
<status status="PASS" starttime="20200523 16:05:41.880" endtime="20200523 16:05:41.970"></status>
</kw>
<status status="PASS" starttime="20200523 16:05:41.880" endtime="20200523 16:05:41.971"></status>
</kw>
<kw name="Submit Search" library="TopNav">
<kw name="Click Button" library="SeleniumLibrary">
<doc>Clicks the button identified by ``locator``.</doc>
<arguments>
<arg>xpath=//*[@id="nav-search"]/form/div[2]/div/input</arg>
</arguments>
<msg timestamp="20200523 16:05:41.972" level="INFO">Clicking button 'xpath=//*[@id="nav-search"]/form/div[2]/div/input'.</msg>
<status status="PASS" starttime="20200523 16:05:41.971" endtime="20200523 16:05:43.589"></status>
</kw>
<status status="PASS" starttime="20200523 16:05:41.971" endtime="20200523 16:05:43.589"></status>
</kw>
<status status="PASS" starttime="20200523 16:05:41.879" endtime="20200523 16:05:43.589"></status>
</kw>
<kw name="Verify Search Completed" library="SearchResults">
<kw name="Wait Until Page Contains" library="SeleniumLibrary">
<doc>Waits until ``text`` appears on the current page.</doc>
<arguments>
<arg>results for "Ferrari 458"</arg>
</arguments>
<status status="PASS" starttime="20200523 16:05:43.590" endtime="20200523 16:05:43.639"></status>
</kw>
<status status="PASS" starttime="20200523 16:05:43.589" endtime="20200523 16:05:43.639"></status>
</kw>
<status status="PASS" starttime="20200523 16:05:39.472" endtime="20200523 16:05:43.639"></status>
</kw>
<kw name="End Web Test" library="Common" type="teardown">
<kw name="Close Browser" library="SeleniumLibrary">
<doc>Closes the current browser.</doc>
<status status="PASS" starttime="20200523 16:05:43.640" endtime="20200523 16:05:46.231"></status>
</kw>
<status status="PASS" starttime="20200523 16:05:43.640" endtime="20200523 16:05:46.231"></status>
</kw>
<tags>
<tag>Smoke</tag>
</tags>
<status status="PASS" starttime="20200523 16:05:33.511" endtime="20200523 16:05:46.231" critical="yes"></status>
</test>
<test id="s1-t2" name="Logged out user can view a product">
<kw name="Begin Web Test" library="Common" type="setup">
<kw name="Open Browser" library="SeleniumLibrary">
<doc>Opens a new browser instance to the optional ``url``.</doc>
<arguments>
<arg>about:blank</arg>
<arg>firefox</arg>
</arguments>
<msg timestamp="20200523 16:05:46.233" level="INFO">Opening browser 'firefox' to base url 'about:blank'.</msg>
<msg timestamp="20200523 16:05:46.235" level="INFO">Firefox driver log is always forced to to: C:\development\robot-scripts\amazon\results\geckodriver-2.log</msg>
<status status="PASS" starttime="20200523 16:05:46.233" endtime="20200523 16:05:52.571"></status>
</kw>
<kw name="Maximize Browser Window" library="SeleniumLibrary">
<doc>Maximizes current browser window.</doc>
<status status="PASS" starttime="20200523 16:05:52.572" endtime="20200523 16:05:52.574"></status>
</kw>
<status status="PASS" starttime="20200523 16:05:46.232" endtime="20200523 16:05:52.574"></status>
</kw>
<kw name="Search for Products" library="AmazonApp">
<kw name="Load" library="LandingPage">
<kw name="Go To" library="SeleniumLibrary">
<doc>Navigates the current browser window to the provided ``url``.</doc>
<arguments>
<arg>http://www.amazon.com</arg>
</arguments>
<msg timestamp="20200523 16:05:52.575" level="INFO">Opening url 'http://www.amazon.com'</msg>
<status status="PASS" starttime="20200523 16:05:52.575" endtime="20200523 16:05:54.618"></status>
</kw>
<status status="PASS" starttime="20200523 16:05:52.575" endtime="20200523 16:05:54.619"></status>
</kw>
<kw name="Verify Page Loaded" library="LandingPage">
<kw name="Wait Until Page Contains" library="SeleniumLibrary">
<doc>Waits until ``text`` appears on the current page.</doc>
<arguments>
<arg>Amazon.com</arg>
</arguments>
<status status="PASS" starttime="20200523 16:05:54.619" endtime="20200523 16:05:54.658"></status>
</kw>
<status status="PASS" starttime="20200523 16:05:54.619" endtime="20200523 16:05:54.658"></status>
</kw>
<kw name="Search for Products" library="TopNav">
<kw name="Enter Search Term" library="TopNav">
<kw name="Input Text" library="SeleniumLibrary">
<doc>Types the given ``text`` into the text field identified by ``locator``.</doc>
<arguments>
<arg>id=twotabsearchtextbox</arg>
<arg>Ferrari 458</arg>
</arguments>
<msg timestamp="20200523 16:05:54.659" level="INFO">Typing text 'Ferrari 458' into text field 'id=twotabsearchtextbox'.</msg>
<status status="PASS" starttime="20200523 16:05:54.659" endtime="20200523 16:05:54.840"></status>
</kw>
<status status="PASS" starttime="20200523 16:05:54.658" endtime="20200523 16:05:54.840"></status>
</kw>
<kw name="Submit Search" library="TopNav">
<kw name="Click Button" library="SeleniumLibrary">
<doc>Clicks the button identified by ``locator``.</doc>
<arguments>
<arg>xpath=//*[@id="nav-search"]/form/div[2]/div/input</arg>
</arguments>
<msg timestamp="20200523 16:05:54.841" level="INFO">Clicking button 'xpath=//*[@id="nav-search"]/form/div[2]/div/input'.</msg>
<status status="PASS" starttime="20200523 16:05:54.841" endtime="20200523 16:05:56.630"></status>
</kw>
<status status="PASS" starttime="20200523 16:05:54.840" endtime="20200523 16:05:56.631"></status>
</kw>
<status status="PASS" starttime="20200523 16:05:54.658" endtime="20200523 16:05:56.631"></status>
</kw>
<kw name="Verify Search Completed" library="SearchResults">
<kw name="Wait Until Page Contains" library="SeleniumLibrary">
<doc>Waits until ``text`` appears on the current page.</doc>
<arguments>
<arg>results for "Ferrari 458"</arg>
</arguments>
<status status="PASS" starttime="20200523 16:05:56.632" endtime="20200523 16:05:56.678"></status>
</kw>
<status status="PASS" starttime="20200523 16:05:56.631" endtime="20200523 16:05:56.678"></status>
</kw>
<status status="PASS" starttime="20200523 16:05:52.574" endtime="20200523 16:05:56.678"></status>
</kw>
<kw name="Select Product from Search Results" library="AmazonApp">
<kw name="Click Product Link" library="SearchResults">
<doc>Clicks on the first product in the search results list</doc>
<kw name="Click Link" library="SeleniumLibrary">
<doc>Clicks a link identified by ``locator``.</doc>
<arguments>
<arg>css=div.sg-col-4-of-24:nth-child(5) &gt; div:nth-child(1) &gt; span:nth-child(1) &gt; div:nth-child(1) &gt; div:nth-child(1) &gt; div:nth-child(3) &gt; h2:nth-child(1) &gt; a:nth-child(1)</arg>
</arguments>
<msg timestamp="20200523 16:05:56.680" level="INFO">Clicking link 'css=div.sg-col-4-of-24:nth-child(5) &gt; div:nth-child(1) &gt; span:nth-child(1) &gt; div:nth-child(1) &gt; div:nth-child(1) &gt; div:nth-child(3) &gt; h2:nth-child(1) &gt; a:nth-child(1)'.</msg>
<status status="PASS" starttime="20200523 16:05:56.679" endtime="20200523 16:06:00.892"></status>
</kw>
<status status="PASS" starttime="20200523 16:05:56.679" endtime="20200523 16:06:00.893"></status>
</kw>
<kw name="Verify Page Loaded" library="Product">
<kw name="Wait Until Page Contains" library="SeleniumLibrary">
<doc>Waits until ``text`` appears on the current page.</doc>
<arguments>
<arg>Back to results</arg>
</arguments>
<status status="PASS" starttime="20200523 16:06:00.893" endtime="20200523 16:06:00.967"></status>
</kw>
<status status="PASS" starttime="20200523 16:06:00.893" endtime="20200523 16:06:00.967"></status>
</kw>
<status status="PASS" starttime="20200523 16:05:56.679" endtime="20200523 16:06:00.967"></status>
</kw>
<kw name="End Web Test" library="Common" type="teardown">
<kw name="Close Browser" library="SeleniumLibrary">
<doc>Closes the current browser.</doc>
<status status="PASS" starttime="20200523 16:06:00.968" endtime="20200523 16:06:03.816"></status>
</kw>
<status status="PASS" starttime="20200523 16:06:00.968" endtime="20200523 16:06:03.816"></status>
</kw>
<tags>
<tag>Smoke</tag>
</tags>
<status status="PASS" starttime="20200523 16:05:46.232" endtime="20200523 16:06:03.816" critical="yes"></status>
</test>
<test id="s1-t3" name="Logged out user can add product to cart">
<kw name="Begin Web Test" library="Common" type="setup">
<kw name="Open Browser" library="SeleniumLibrary">
<doc>Opens a new browser instance to the optional ``url``.</doc>
<arguments>
<arg>about:blank</arg>
<arg>firefox</arg>
</arguments>
<msg timestamp="20200523 16:06:03.818" level="INFO">Opening browser 'firefox' to base url 'about:blank'.</msg>
<msg timestamp="20200523 16:06:03.820" level="INFO">Firefox driver log is always forced to to: C:\development\robot-scripts\amazon\results\geckodriver-3.log</msg>
<status status="PASS" starttime="20200523 16:06:03.818" endtime="20200523 16:06:09.717"></status>
</kw>
<kw name="Maximize Browser Window" library="SeleniumLibrary">
<doc>Maximizes current browser window.</doc>
<status status="PASS" starttime="20200523 16:06:09.718" endtime="20200523 16:06:09.722"></status>
</kw>
<status status="PASS" starttime="20200523 16:06:03.817" endtime="20200523 16:06:09.722"></status>
</kw>
<kw name="Search for Products" library="AmazonApp">
<kw name="Load" library="LandingPage">
<kw name="Go To" library="SeleniumLibrary">
<doc>Navigates the current browser window to the provided ``url``.</doc>
<arguments>
<arg>http://www.amazon.com</arg>
</arguments>
<msg timestamp="20200523 16:06:09.723" level="INFO">Opening url 'http://www.amazon.com'</msg>
<status status="PASS" starttime="20200523 16:06:09.723" endtime="20200523 16:06:11.939"></status>
</kw>
<status status="PASS" starttime="20200523 16:06:09.722" endtime="20200523 16:06:11.940"></status>
</kw>
<kw name="Verify Page Loaded" library="LandingPage">
<kw name="Wait Until Page Contains" library="SeleniumLibrary">
<doc>Waits until ``text`` appears on the current page.</doc>
<arguments>
<arg>Amazon.com</arg>
</arguments>
<status status="PASS" starttime="20200523 16:06:11.941" endtime="20200523 16:06:11.993"></status>
</kw>
<status status="PASS" starttime="20200523 16:06:11.940" endtime="20200523 16:06:11.994"></status>
</kw>
<kw name="Search for Products" library="TopNav">
<kw name="Enter Search Term" library="TopNav">
<kw name="Input Text" library="SeleniumLibrary">
<doc>Types the given ``text`` into the text field identified by ``locator``.</doc>
<arguments>
<arg>id=twotabsearchtextbox</arg>
<arg>Ferrari 458</arg>
</arguments>
<msg timestamp="20200523 16:06:11.995" level="INFO">Typing text 'Ferrari 458' into text field 'id=twotabsearchtextbox'.</msg>
<status status="PASS" starttime="20200523 16:06:11.995" endtime="20200523 16:06:12.070"></status>
</kw>
<status status="PASS" starttime="20200523 16:06:11.994" endtime="20200523 16:06:12.070"></status>
</kw>
<kw name="Submit Search" library="TopNav">
<kw name="Click Button" library="SeleniumLibrary">
<doc>Clicks the button identified by ``locator``.</doc>
<arguments>
<arg>xpath=//*[@id="nav-search"]/form/div[2]/div/input</arg>
</arguments>
<msg timestamp="20200523 16:06:12.071" level="INFO">Clicking button 'xpath=//*[@id="nav-search"]/form/div[2]/div/input'.</msg>
<status status="PASS" starttime="20200523 16:06:12.070" endtime="20200523 16:06:14.054"></status>
</kw>
<status status="PASS" starttime="20200523 16:06:12.070" endtime="20200523 16:06:14.054"></status>
</kw>
<status status="PASS" starttime="20200523 16:06:11.994" endtime="20200523 16:06:14.054"></status>
</kw>
<kw name="Verify Search Completed" library="SearchResults">
<kw name="Wait Until Page Contains" library="SeleniumLibrary">
<doc>Waits until ``text`` appears on the current page.</doc>
<arguments>
<arg>results for "Ferrari 458"</arg>
</arguments>
<status status="PASS" starttime="20200523 16:06:14.055" endtime="20200523 16:06:14.085"></status>
</kw>
<status status="PASS" starttime="20200523 16:06:14.054" endtime="20200523 16:06:14.085"></status>
</kw>
<status status="PASS" starttime="20200523 16:06:09.722" endtime="20200523 16:06:14.085"></status>
</kw>
<kw name="Select Product from Search Results" library="AmazonApp">
<kw name="Click Product Link" library="SearchResults">
<doc>Clicks on the first product in the search results list</doc>
<kw name="Click Link" library="SeleniumLibrary">
<doc>Clicks a link identified by ``locator``.</doc>
<arguments>
<arg>css=div.sg-col-4-of-24:nth-child(5) &gt; div:nth-child(1) &gt; span:nth-child(1) &gt; div:nth-child(1) &gt; div:nth-child(1) &gt; div:nth-child(3) &gt; h2:nth-child(1) &gt; a:nth-child(1)</arg>
</arguments>
<msg timestamp="20200523 16:06:14.087" level="INFO">Clicking link 'css=div.sg-col-4-of-24:nth-child(5) &gt; div:nth-child(1) &gt; span:nth-child(1) &gt; div:nth-child(1) &gt; div:nth-child(1) &gt; div:nth-child(3) &gt; h2:nth-child(1) &gt; a:nth-child(1)'.</msg>
<status status="PASS" starttime="20200523 16:06:14.087" endtime="20200523 16:06:17.490"></status>
</kw>
<status status="PASS" starttime="20200523 16:06:14.086" endtime="20200523 16:06:17.490"></status>
</kw>
<kw name="Verify Page Loaded" library="Product">
<kw name="Wait Until Page Contains" library="SeleniumLibrary">
<doc>Waits until ``text`` appears on the current page.</doc>
<arguments>
<arg>Back to results</arg>
</arguments>
<status status="PASS" starttime="20200523 16:06:17.491" endtime="20200523 16:06:17.551"></status>
</kw>
<status status="PASS" starttime="20200523 16:06:17.491" endtime="20200523 16:06:17.551"></status>
</kw>
<status status="PASS" starttime="20200523 16:06:14.086" endtime="20200523 16:06:17.551"></status>
</kw>
<kw name="Add Product to Cart" library="AmazonApp">
<kw name="Add to Cart" library="Product">
<kw name="Click Button" library="SeleniumLibrary">
<doc>Clicks the button identified by ``locator``.</doc>
<arguments>
<arg>id=add-to-cart-button</arg>
</arguments>
<msg timestamp="20200523 16:06:17.553" level="INFO">Clicking button 'id=add-to-cart-button'.</msg>
<kw name="Capture Page Screenshot" library="SeleniumLibrary">
<doc>Takes a screenshot of the current page and embeds it into a log file.</doc>
<msg timestamp="20200523 16:06:17.765" level="INFO" html="yes">&lt;/td&gt;&lt;/tr&gt;&lt;tr&gt;&lt;td colspan="3"&gt;&lt;a href="selenium-screenshot-1.png"&gt;&lt;img src="selenium-screenshot-1.png" width="800px"&gt;&lt;/a&gt;</msg>
<status status="PASS" starttime="20200523 16:06:17.582" endtime="20200523 16:06:17.765"></status>
</kw>
<msg timestamp="20200523 16:06:17.775" level="FAIL">ElementClickInterceptedException: Message: Element &lt;input id="add-to-cart-button" class="a-button-input" name="submit.add-to-cart" type="submit"&gt; is not clickable at point (1209,527) because another element &lt;img id="detailImg" src="https://images-na.ssl-images-amazon.com/images/I/61w0Z0hfZYL._AC_SL1000_.jpg"&gt; obscures it
</msg>
<status status="FAIL" starttime="20200523 16:06:17.552" endtime="20200523 16:06:17.775"></status>
</kw>
<status status="FAIL" starttime="20200523 16:06:17.552" endtime="20200523 16:06:17.775"></status>
</kw>
<status status="FAIL" starttime="20200523 16:06:17.552" endtime="20200523 16:06:17.775"></status>
</kw>
<kw name="End Web Test" library="Common" type="teardown">
<kw name="Close Browser" library="SeleniumLibrary">
<doc>Closes the current browser.</doc>
<status status="PASS" starttime="20200523 16:06:17.776" endtime="20200523 16:06:20.644"></status>
</kw>
<status status="PASS" starttime="20200523 16:06:17.776" endtime="20200523 16:06:20.644"></status>
</kw>
<tags>
<tag>Smoke</tag>
</tags>
<status status="FAIL" starttime="20200523 16:06:03.817" endtime="20200523 16:06:20.644" critical="yes">ElementClickInterceptedException: Message: Element &lt;input id="add-to-cart-button" class="a-button-input" name="submit.add-to-cart" type="submit"&gt; is not clickable at point (1209,527) because another element &lt;img id="detailImg" src="https://images-na.ssl-images-amazon.com/images/I/61w0Z0hfZYL._AC_SL1000_.jpg"&gt; obscures it
</status>
</test>
<test id="s1-t4" name="Logged out user must sign in to check out">
<kw name="Begin Web Test" library="Common" type="setup">
<kw name="Open Browser" library="SeleniumLibrary">
<doc>Opens a new browser instance to the optional ``url``.</doc>
<arguments>
<arg>about:blank</arg>
<arg>firefox</arg>
</arguments>
<msg timestamp="20200523 16:06:20.646" level="INFO">Opening browser 'firefox' to base url 'about:blank'.</msg>
<msg timestamp="20200523 16:06:20.648" level="INFO">Firefox driver log is always forced to to: C:\development\robot-scripts\amazon\results\geckodriver-4.log</msg>
<status status="PASS" starttime="20200523 16:06:20.646" endtime="20200523 16:06:26.487"></status>
</kw>
<kw name="Maximize Browser Window" library="SeleniumLibrary">
<doc>Maximizes current browser window.</doc>
<status status="PASS" starttime="20200523 16:06:26.487" endtime="20200523 16:06:26.489"></status>
</kw>
<status status="PASS" starttime="20200523 16:06:20.646" endtime="20200523 16:06:26.489"></status>
</kw>
<kw name="Search for Products" library="AmazonApp">
<kw name="Load" library="LandingPage">
<kw name="Go To" library="SeleniumLibrary">
<doc>Navigates the current browser window to the provided ``url``.</doc>
<arguments>
<arg>http://www.amazon.com</arg>
</arguments>
<msg timestamp="20200523 16:06:26.490" level="INFO">Opening url 'http://www.amazon.com'</msg>
<status status="PASS" starttime="20200523 16:06:26.490" endtime="20200523 16:06:29.207"></status>
</kw>
<status status="PASS" starttime="20200523 16:06:26.490" endtime="20200523 16:06:29.207"></status>
</kw>
<kw name="Verify Page Loaded" library="LandingPage">
<kw name="Wait Until Page Contains" library="SeleniumLibrary">
<doc>Waits until ``text`` appears on the current page.</doc>
<arguments>
<arg>Amazon.com</arg>
</arguments>
<status status="PASS" starttime="20200523 16:06:29.207" endtime="20200523 16:06:29.290"></status>
</kw>
<status status="PASS" starttime="20200523 16:06:29.207" endtime="20200523 16:06:29.290"></status>
</kw>
<kw name="Search for Products" library="TopNav">
<kw name="Enter Search Term" library="TopNav">
<kw name="Input Text" library="SeleniumLibrary">
<doc>Types the given ``text`` into the text field identified by ``locator``.</doc>
<arguments>
<arg>id=twotabsearchtextbox</arg>
<arg>Ferrari 458</arg>
</arguments>
<msg timestamp="20200523 16:06:29.291" level="INFO">Typing text 'Ferrari 458' into text field 'id=twotabsearchtextbox'.</msg>
<status status="PASS" starttime="20200523 16:06:29.291" endtime="20200523 16:06:29.391"></status>
</kw>
<status status="PASS" starttime="20200523 16:06:29.291" endtime="20200523 16:06:29.392"></status>
</kw>
<kw name="Submit Search" library="TopNav">
<kw name="Click Button" library="SeleniumLibrary">
<doc>Clicks the button identified by ``locator``.</doc>
<arguments>
<arg>xpath=//*[@id="nav-search"]/form/div[2]/div/input</arg>
</arguments>
<msg timestamp="20200523 16:06:29.393" level="INFO">Clicking button 'xpath=//*[@id="nav-search"]/form/div[2]/div/input'.</msg>
<status status="PASS" starttime="20200523 16:06:29.392" endtime="20200523 16:06:31.718"></status>
</kw>
<status status="PASS" starttime="20200523 16:06:29.392" endtime="20200523 16:06:31.718"></status>
</kw>
<status status="PASS" starttime="20200523 16:06:29.291" endtime="20200523 16:06:31.719"></status>
</kw>
<kw name="Verify Search Completed" library="SearchResults">
<kw name="Wait Until Page Contains" library="SeleniumLibrary">
<doc>Waits until ``text`` appears on the current page.</doc>
<arguments>
<arg>results for "Ferrari 458"</arg>
</arguments>
<status status="PASS" starttime="20200523 16:06:31.719" endtime="20200523 16:06:31.753"></status>
</kw>
<status status="PASS" starttime="20200523 16:06:31.719" endtime="20200523 16:06:31.753"></status>
</kw>
<status status="PASS" starttime="20200523 16:06:26.490" endtime="20200523 16:06:31.754"></status>
</kw>
<kw name="Select Product from Search Results" library="AmazonApp">
<kw name="Click Product Link" library="SearchResults">
<doc>Clicks on the first product in the search results list</doc>
<kw name="Click Link" library="SeleniumLibrary">
<doc>Clicks a link identified by ``locator``.</doc>
<arguments>
<arg>css=div.sg-col-4-of-24:nth-child(5) &gt; div:nth-child(1) &gt; span:nth-child(1) &gt; div:nth-child(1) &gt; div:nth-child(1) &gt; div:nth-child(3) &gt; h2:nth-child(1) &gt; a:nth-child(1)</arg>
</arguments>
<msg timestamp="20200523 16:06:31.755" level="INFO">Clicking link 'css=div.sg-col-4-of-24:nth-child(5) &gt; div:nth-child(1) &gt; span:nth-child(1) &gt; div:nth-child(1) &gt; div:nth-child(1) &gt; div:nth-child(3) &gt; h2:nth-child(1) &gt; a:nth-child(1)'.</msg>
<status status="PASS" starttime="20200523 16:06:31.755" endtime="20200523 16:06:34.881"></status>
</kw>
<status status="PASS" starttime="20200523 16:06:31.754" endtime="20200523 16:06:34.881"></status>
</kw>
<kw name="Verify Page Loaded" library="Product">
<kw name="Wait Until Page Contains" library="SeleniumLibrary">
<doc>Waits until ``text`` appears on the current page.</doc>
<arguments>
<arg>Back to results</arg>
</arguments>
<status status="PASS" starttime="20200523 16:06:34.882" endtime="20200523 16:06:34.950"></status>
</kw>
<status status="PASS" starttime="20200523 16:06:34.881" endtime="20200523 16:06:34.951"></status>
</kw>
<status status="PASS" starttime="20200523 16:06:31.754" endtime="20200523 16:06:34.951"></status>
</kw>
<kw name="Add Product to Cart" library="AmazonApp">
<kw name="Add to Cart" library="Product">
<kw name="Click Button" library="SeleniumLibrary">
<doc>Clicks the button identified by ``locator``.</doc>
<arguments>
<arg>id=add-to-cart-button</arg>
</arguments>
<msg timestamp="20200523 16:06:34.952" level="INFO">Clicking button 'id=add-to-cart-button'.</msg>
<status status="PASS" starttime="20200523 16:06:34.952" endtime="20200523 16:06:36.006"></status>
</kw>
<status status="PASS" starttime="20200523 16:06:34.951" endtime="20200523 16:06:36.006"></status>
</kw>
<kw name="Verify Product Added" library="Cart">
<kw name="Wait Until Page Contains" library="SeleniumLibrary">
<doc>Waits until ``text`` appears on the current page.</doc>
<arguments>
<arg>Added to Cart</arg>
</arguments>
<status status="PASS" starttime="20200523 16:06:36.007" endtime="20200523 16:06:36.024"></status>
</kw>
<status status="PASS" starttime="20200523 16:06:36.007" endtime="20200523 16:06:36.024"></status>
</kw>
<status status="PASS" starttime="20200523 16:06:34.951" endtime="20200523 16:06:36.024"></status>
</kw>
<kw name="Begin Checkout" library="AmazonApp">
<kw name="Proceed to Checkout" library="Cart">
<kw name="Click Link" library="SeleniumLibrary">
<doc>Clicks a link identified by ``locator``.</doc>
<arguments>
<arg>id=hlb-ptc-btn-native</arg>
</arguments>
<msg timestamp="20200523 16:06:36.026" level="INFO">Clicking link 'id=hlb-ptc-btn-native'.</msg>
<status status="PASS" starttime="20200523 16:06:36.026" endtime="20200523 16:06:37.026"></status>
</kw>
<status status="PASS" starttime="20200523 16:06:36.025" endtime="20200523 16:06:37.026"></status>
</kw>
<kw name="Verify Page Loaded" library="SignIn">
<kw name="Page Should Contain" library="SeleniumLibrary">
<doc>Verifies that current page contains ``text``.</doc>
<arguments>
<arg>Sign-In</arg>
</arguments>
<msg timestamp="20200523 16:06:37.104" level="INFO">Current page contains text 'Sign-In'.</msg>
<status status="PASS" starttime="20200523 16:06:37.026" endtime="20200523 16:06:37.104"></status>
</kw>
<status status="PASS" starttime="20200523 16:06:37.026" endtime="20200523 16:06:37.104"></status>
</kw>
<status status="PASS" starttime="20200523 16:06:36.025" endtime="20200523 16:06:37.104"></status>
</kw>
<kw name="End Web Test" library="Common" type="teardown">
<kw name="Close Browser" library="SeleniumLibrary">
<doc>Closes the current browser.</doc>
<status status="PASS" starttime="20200523 16:06:37.105" endtime="20200523 16:06:39.791"></status>
</kw>
<status status="PASS" starttime="20200523 16:06:37.105" endtime="20200523 16:06:39.791"></status>
</kw>
<tags>
<tag>Smoke</tag>
</tags>
<status status="PASS" starttime="20200523 16:06:20.645" endtime="20200523 16:06:39.791" critical="yes"></status>
</test>
<doc>This is some basic info about the whole suite</doc>
<status status="FAIL" starttime="20200523 16:05:33.226" endtime="20200523 16:06:39.792"></status>
</suite>
<statistics>
<total>
<stat pass="3" fail="1">Critical Tests</stat>
<stat pass="3" fail="1">All Tests</stat>
</total>
<tag>
<stat pass="3" fail="1">Smoke</stat>
</tag>
<suite>
<stat pass="3" fail="1" id="s1" name="Amazon">Amazon</stat>
</suite>
</statistics>
<errors>
</errors>
</robot>
