<?xml version="1.0" encoding="UTF-8"?>
<robot generator="Robot 3.2.1 (Python 3.8.1 on win32)" generated="20200528 16:45:53.493" rpa="false">
<suite id="s1" name="Amazon" source="C:\development\robot-scripts\amazon\tests\amazon.robot">
<test id="s1-t1" name="Logged out user can search for products">
<kw name="Begin Web Test" library="Common" type="setup">
<kw name="Open Browser" library="SeleniumLibrary">
<doc>Opens a new browser instance to the optional ``url``.</doc>
<arguments>
<arg>about:blank</arg>
<arg>${BROWSER}</arg>
</arguments>
<msg timestamp="20200528 16:45:53.939" level="INFO">Opening browser 'firefox' to base url 'about:blank'.</msg>
<msg timestamp="20200528 16:45:53.950" level="INFO">Firefox driver log is always forced to to: C:\development\robot-scripts\amazon\results\geckodriver-51.log</msg>
<status status="PASS" starttime="20200528 16:45:53.939" endtime="20200528 16:46:01.865"></status>
</kw>
<kw name="Maximize Browser Window" library="SeleniumLibrary">
<doc>Maximizes current browser window.</doc>
<status status="PASS" starttime="20200528 16:46:01.866" endtime="20200528 16:46:01.870"></status>
</kw>
<status status="PASS" starttime="20200528 16:45:53.938" endtime="20200528 16:46:01.871"></status>
</kw>
<kw name="Search for Products" library="AmazonApp">
<kw name="Load" library="LandingPage">
<kw name="Go To" library="SeleniumLibrary">
<doc>Navigates the current browser window to the provided ``url``.</doc>
<arguments>
<arg>${START_URL}</arg>
</arguments>
<msg timestamp="20200528 16:46:01.872" level="INFO">Opening url 'http://www.amazon.com.br'</msg>
<status status="PASS" starttime="20200528 16:46:01.872" endtime="20200528 16:46:10.341"></status>
</kw>
<status status="PASS" starttime="20200528 16:46:01.872" endtime="20200528 16:46:10.341"></status>
</kw>
<kw name="Verify Page Loaded" library="LandingPage">
<kw name="Wait Until Page Contains" library="SeleniumLibrary">
<doc>Waits until ``text`` appears on the current page.</doc>
<arguments>
<arg>Amazon.com.br</arg>
</arguments>
<status status="PASS" starttime="20200528 16:46:10.342" endtime="20200528 16:46:10.417"></status>
</kw>
<status status="PASS" starttime="20200528 16:46:10.341" endtime="20200528 16:46:10.418"></status>
</kw>
<kw name="Search for Products" library="TopNav">
<kw name="Enter Search Term" library="TopNav">
<kw name="Input Text" library="SeleniumLibrary">
<doc>Types the given ``text`` into the text field identified by ``locator``.</doc>
<arguments>
<arg>${TOPNAV_SEARCH_BAR}</arg>
<arg>${SEARCH_TERM}</arg>
</arguments>
<msg timestamp="20200528 16:46:10.419" level="INFO">Typing text 'Ferrari 458' into text field 'id=twotabsearchtextbox'.</msg>
<status status="PASS" starttime="20200528 16:46:10.418" endtime="20200528 16:46:10.479"></status>
</kw>
<status status="PASS" starttime="20200528 16:46:10.418" endtime="20200528 16:46:10.479"></status>
</kw>
<kw name="Submit Search" library="TopNav">
<kw name="Click Button" library="SeleniumLibrary">
<doc>Clicks the button identified by ``locator``.</doc>
<arguments>
<arg>${TOPNAV_SEARCH_BUTTON}</arg>
</arguments>
<msg timestamp="20200528 16:46:10.481" level="INFO">Clicking button 'xpath=//*[@id="nav-search"]/form/div[2]/div/input'.</msg>
<status status="PASS" starttime="20200528 16:46:10.480" endtime="20200528 16:46:12.963"></status>
</kw>
<status status="PASS" starttime="20200528 16:46:10.480" endtime="20200528 16:46:12.963"></status>
</kw>
<status status="PASS" starttime="20200528 16:46:10.418" endtime="20200528 16:46:12.964"></status>
</kw>
<kw name="Verify Search Completed" library="SearchResults">
<kw name="Wait Until Page Contains" library="SeleniumLibrary">
<doc>Waits until ``text`` appears on the current page.</doc>
<arguments>
<arg>resultados para "${SEARCH_TERM}"</arg>
</arguments>
<status status="PASS" starttime="20200528 16:46:12.964" endtime="20200528 16:46:13.053"></status>
</kw>
<status status="PASS" starttime="20200528 16:46:12.964" endtime="20200528 16:46:13.055"></status>
</kw>
<status status="PASS" starttime="20200528 16:46:01.871" endtime="20200528 16:46:13.055"></status>
</kw>
<kw name="End Web Test" library="Common" type="teardown">
<kw name="Close Browser" library="SeleniumLibrary">
<doc>Closes the current browser.</doc>
<status status="PASS" starttime="20200528 16:46:13.056" endtime="20200528 16:46:15.484"></status>
</kw>
<status status="PASS" starttime="20200528 16:46:13.056" endtime="20200528 16:46:15.484"></status>
</kw>
<tags>
<tag>Smoke</tag>
</tags>
<status status="PASS" starttime="20200528 16:45:53.937" endtime="20200528 16:46:15.484" critical="yes"></status>
</test>
<test id="s1-t2" name="Logged out user can view a product">
<kw name="Begin Web Test" library="Common" type="setup">
<kw name="Open Browser" library="SeleniumLibrary">
<doc>Opens a new browser instance to the optional ``url``.</doc>
<arguments>
<arg>about:blank</arg>
<arg>${BROWSER}</arg>
</arguments>
<msg timestamp="20200528 16:46:15.487" level="INFO">Opening browser 'firefox' to base url 'about:blank'.</msg>
<msg timestamp="20200528 16:46:15.499" level="INFO">Firefox driver log is always forced to to: C:\development\robot-scripts\amazon\results\geckodriver-52.log</msg>
<status status="PASS" starttime="20200528 16:46:15.487" endtime="20200528 16:46:22.291"></status>
</kw>
<kw name="Maximize Browser Window" library="SeleniumLibrary">
<doc>Maximizes current browser window.</doc>
<status status="PASS" starttime="20200528 16:46:22.291" endtime="20200528 16:46:22.294"></status>
</kw>
<status status="PASS" starttime="20200528 16:46:15.487" endtime="20200528 16:46:22.294"></status>
</kw>
<kw name="Search for Products" library="AmazonApp">
<kw name="Load" library="LandingPage">
<kw name="Go To" library="SeleniumLibrary">
<doc>Navigates the current browser window to the provided ``url``.</doc>
<arguments>
<arg>${START_URL}</arg>
</arguments>
<msg timestamp="20200528 16:46:22.295" level="INFO">Opening url 'http://www.amazon.com.br'</msg>
<status status="PASS" starttime="20200528 16:46:22.295" endtime="20200528 16:46:30.505"></status>
</kw>
<status status="PASS" starttime="20200528 16:46:22.295" endtime="20200528 16:46:30.506"></status>
</kw>
<kw name="Verify Page Loaded" library="LandingPage">
<kw name="Wait Until Page Contains" library="SeleniumLibrary">
<doc>Waits until ``text`` appears on the current page.</doc>
<arguments>
<arg>Amazon.com.br</arg>
</arguments>
<status status="PASS" starttime="20200528 16:46:30.507" endtime="20200528 16:46:30.562"></status>
</kw>
<status status="PASS" starttime="20200528 16:46:30.506" endtime="20200528 16:46:30.562"></status>
</kw>
<kw name="Search for Products" library="TopNav">
<kw name="Enter Search Term" library="TopNav">
<kw name="Input Text" library="SeleniumLibrary">
<doc>Types the given ``text`` into the text field identified by ``locator``.</doc>
<arguments>
<arg>${TOPNAV_SEARCH_BAR}</arg>
<arg>${SEARCH_TERM}</arg>
</arguments>
<msg timestamp="20200528 16:46:30.564" level="INFO">Typing text 'Ferrari 458' into text field 'id=twotabsearchtextbox'.</msg>
<status status="PASS" starttime="20200528 16:46:30.563" endtime="20200528 16:46:30.640"></status>
</kw>
<status status="PASS" starttime="20200528 16:46:30.563" endtime="20200528 16:46:30.640"></status>
</kw>
<kw name="Submit Search" library="TopNav">
<kw name="Click Button" library="SeleniumLibrary">
<doc>Clicks the button identified by ``locator``.</doc>
<arguments>
<arg>${TOPNAV_SEARCH_BUTTON}</arg>
</arguments>
<msg timestamp="20200528 16:46:30.641" level="INFO">Clicking button 'xpath=//*[@id="nav-search"]/form/div[2]/div/input'.</msg>
<status status="PASS" starttime="20200528 16:46:30.641" endtime="20200528 16:46:32.679"></status>
</kw>
<status status="PASS" starttime="20200528 16:46:30.640" endtime="20200528 16:46:32.680"></status>
</kw>
<status status="PASS" starttime="20200528 16:46:30.563" endtime="20200528 16:46:32.680"></status>
</kw>
<kw name="Verify Search Completed" library="SearchResults">
<kw name="Wait Until Page Contains" library="SeleniumLibrary">
<doc>Waits until ``text`` appears on the current page.</doc>
<arguments>
<arg>resultados para "${SEARCH_TERM}"</arg>
</arguments>
<status status="PASS" starttime="20200528 16:46:32.681" endtime="20200528 16:46:32.766"></status>
</kw>
<status status="PASS" starttime="20200528 16:46:32.680" endtime="20200528 16:46:32.767"></status>
</kw>
<status status="PASS" starttime="20200528 16:46:22.295" endtime="20200528 16:46:32.767"></status>
</kw>
<kw name="Select Product from Search Results" library="AmazonApp">
<kw name="Click Product Link" library="SearchResults">
<doc>Clicks on the first product in the search results list</doc>
<kw name="Click Element" library="SeleniumLibrary">
<doc>Click the element identified by ``locator``.</doc>
<arguments>
<arg>${SEARCH_RESULTS_CLICK_LINK}</arg>
</arguments>
<msg timestamp="20200528 16:46:32.770" level="INFO">Clicking element '//h2/a/span'.</msg>
<status status="PASS" starttime="20200528 16:46:32.770" endtime="20200528 16:46:35.823"></status>
</kw>
<status status="PASS" starttime="20200528 16:46:32.769" endtime="20200528 16:46:35.823"></status>
</kw>
<kw name="Verify Page Loaded" library="Product">
<kw name="Wait Until Page Contains" library="SeleniumLibrary">
<doc>Waits until ``text`` appears on the current page.</doc>
<arguments>
<arg>Voltar aos resultados</arg>
</arguments>
<status status="PASS" starttime="20200528 16:46:35.823" endtime="20200528 16:46:35.892"></status>
</kw>
<status status="PASS" starttime="20200528 16:46:35.823" endtime="20200528 16:46:35.893"></status>
</kw>
<status status="PASS" starttime="20200528 16:46:32.768" endtime="20200528 16:46:35.893"></status>
</kw>
<kw name="End Web Test" library="Common" type="teardown">
<kw name="Close Browser" library="SeleniumLibrary">
<doc>Closes the current browser.</doc>
<status status="PASS" starttime="20200528 16:46:35.894" endtime="20200528 16:46:38.531"></status>
</kw>
<status status="PASS" starttime="20200528 16:46:35.894" endtime="20200528 16:46:38.531"></status>
</kw>
<tags>
<tag>Smoke</tag>
</tags>
<status status="PASS" starttime="20200528 16:46:15.486" endtime="20200528 16:46:38.531" critical="yes"></status>
</test>
<test id="s1-t3" name="Logged out user can add product to cart">
<kw name="Begin Web Test" library="Common" type="setup">
<kw name="Open Browser" library="SeleniumLibrary">
<doc>Opens a new browser instance to the optional ``url``.</doc>
<arguments>
<arg>about:blank</arg>
<arg>${BROWSER}</arg>
</arguments>
<msg timestamp="20200528 16:46:38.534" level="INFO">Opening browser 'firefox' to base url 'about:blank'.</msg>
<msg timestamp="20200528 16:46:38.548" level="INFO">Firefox driver log is always forced to to: C:\development\robot-scripts\amazon\results\geckodriver-53.log</msg>
<status status="PASS" starttime="20200528 16:46:38.534" endtime="20200528 16:46:45.331"></status>
</kw>
<kw name="Maximize Browser Window" library="SeleniumLibrary">
<doc>Maximizes current browser window.</doc>
<status status="PASS" starttime="20200528 16:46:45.331" endtime="20200528 16:46:45.336"></status>
</kw>
<status status="PASS" starttime="20200528 16:46:38.534" endtime="20200528 16:46:45.337"></status>
</kw>
<kw name="Search for Products" library="AmazonApp">
<kw name="Load" library="LandingPage">
<kw name="Go To" library="SeleniumLibrary">
<doc>Navigates the current browser window to the provided ``url``.</doc>
<arguments>
<arg>${START_URL}</arg>
</arguments>
<msg timestamp="20200528 16:46:45.339" level="INFO">Opening url 'http://www.amazon.com.br'</msg>
<status status="PASS" starttime="20200528 16:46:45.339" endtime="20200528 16:46:52.007"></status>
</kw>
<status status="PASS" starttime="20200528 16:46:45.338" endtime="20200528 16:46:52.008"></status>
</kw>
<kw name="Verify Page Loaded" library="LandingPage">
<kw name="Wait Until Page Contains" library="SeleniumLibrary">
<doc>Waits until ``text`` appears on the current page.</doc>
<arguments>
<arg>Amazon.com.br</arg>
</arguments>
<status status="PASS" starttime="20200528 16:46:52.009" endtime="20200528 16:46:52.131"></status>
</kw>
<status status="PASS" starttime="20200528 16:46:52.008" endtime="20200528 16:46:52.131"></status>
</kw>
<kw name="Search for Products" library="TopNav">
<kw name="Enter Search Term" library="TopNav">
<kw name="Input Text" library="SeleniumLibrary">
<doc>Types the given ``text`` into the text field identified by ``locator``.</doc>
<arguments>
<arg>${TOPNAV_SEARCH_BAR}</arg>
<arg>${SEARCH_TERM}</arg>
</arguments>
<msg timestamp="20200528 16:46:52.135" level="INFO">Typing text 'Ferrari 458' into text field 'id=twotabsearchtextbox'.</msg>
<status status="PASS" starttime="20200528 16:46:52.132" endtime="20200528 16:46:52.224"></status>
</kw>
<status status="PASS" starttime="20200528 16:46:52.132" endtime="20200528 16:46:52.224"></status>
</kw>
<kw name="Submit Search" library="TopNav">
<kw name="Click Button" library="SeleniumLibrary">
<doc>Clicks the button identified by ``locator``.</doc>
<arguments>
<arg>${TOPNAV_SEARCH_BUTTON}</arg>
</arguments>
<msg timestamp="20200528 16:46:52.227" level="INFO">Clicking button 'xpath=//*[@id="nav-search"]/form/div[2]/div/input'.</msg>
<status status="PASS" starttime="20200528 16:46:52.226" endtime="20200528 16:46:54.572"></status>
</kw>
<status status="PASS" starttime="20200528 16:46:52.225" endtime="20200528 16:46:54.572"></status>
</kw>
<status status="PASS" starttime="20200528 16:46:52.131" endtime="20200528 16:46:54.572"></status>
</kw>
<kw name="Verify Search Completed" library="SearchResults">
<kw name="Wait Until Page Contains" library="SeleniumLibrary">
<doc>Waits until ``text`` appears on the current page.</doc>
<arguments>
<arg>resultados para "${SEARCH_TERM}"</arg>
</arguments>
<status status="PASS" starttime="20200528 16:46:54.573" endtime="20200528 16:46:54.686"></status>
</kw>
<status status="PASS" starttime="20200528 16:46:54.572" endtime="20200528 16:46:54.688"></status>
</kw>
<status status="PASS" starttime="20200528 16:46:45.337" endtime="20200528 16:46:54.689"></status>
</kw>
<kw name="Select Product from Search Results" library="AmazonApp">
<kw name="Click Product Link" library="SearchResults">
<doc>Clicks on the first product in the search results list</doc>
<kw name="Click Element" library="SeleniumLibrary">
<doc>Click the element identified by ``locator``.</doc>
<arguments>
<arg>${SEARCH_RESULTS_CLICK_LINK}</arg>
</arguments>
<msg timestamp="20200528 16:46:54.691" level="INFO">Clicking element '//h2/a/span'.</msg>
<status status="PASS" starttime="20200528 16:46:54.690" endtime="20200528 16:46:56.879"></status>
</kw>
<status status="PASS" starttime="20200528 16:46:54.690" endtime="20200528 16:46:56.879"></status>
</kw>
<kw name="Verify Page Loaded" library="Product">
<kw name="Wait Until Page Contains" library="SeleniumLibrary">
<doc>Waits until ``text`` appears on the current page.</doc>
<arguments>
<arg>Voltar aos resultados</arg>
</arguments>
<status status="PASS" starttime="20200528 16:46:56.880" endtime="20200528 16:46:56.963"></status>
</kw>
<status status="PASS" starttime="20200528 16:46:56.880" endtime="20200528 16:46:56.964"></status>
</kw>
<status status="PASS" starttime="20200528 16:46:54.689" endtime="20200528 16:46:56.964"></status>
</kw>
<kw name="Add Product to Cart" library="AmazonApp">
<kw name="Add to Cart" library="Product">
<kw name="Click Button" library="SeleniumLibrary">
<doc>Clicks the button identified by ``locator``.</doc>
<arguments>
<arg>${PRODUCT_ADD_TO_CART}</arg>
</arguments>
<msg timestamp="20200528 16:46:56.965" level="INFO">Clicking button 'id=add-to-cart-button'.</msg>
<status status="PASS" starttime="20200528 16:46:56.965" endtime="20200528 16:47:00.048"></status>
</kw>
<status status="PASS" starttime="20200528 16:46:56.965" endtime="20200528 16:47:00.048"></status>
</kw>
<kw name="Verify Product Added" library="Cart">
<kw name="Wait Until Page Contains" library="SeleniumLibrary">
<doc>Waits until ``text`` appears on the current page.</doc>
<arguments>
<arg>Adicionado ao carrinho</arg>
</arguments>
<status status="PASS" starttime="20200528 16:47:00.049" endtime="20200528 16:47:00.083"></status>
</kw>
<status status="PASS" starttime="20200528 16:47:00.048" endtime="20200528 16:47:00.084"></status>
</kw>
<status status="PASS" starttime="20200528 16:46:56.964" endtime="20200528 16:47:00.084"></status>
</kw>
<kw name="End Web Test" library="Common" type="teardown">
<kw name="Close Browser" library="SeleniumLibrary">
<doc>Closes the current browser.</doc>
<status status="PASS" starttime="20200528 16:47:00.087" endtime="20200528 16:47:02.680"></status>
</kw>
<status status="PASS" starttime="20200528 16:47:00.085" endtime="20200528 16:47:02.680"></status>
</kw>
<tags>
<tag>Smoke</tag>
</tags>
<status status="PASS" starttime="20200528 16:46:38.533" endtime="20200528 16:47:02.681" critical="yes"></status>
</test>
<test id="s1-t4" name="Logged out user must sign in to check out">
<kw name="Begin Web Test" library="Common" type="setup">
<kw name="Open Browser" library="SeleniumLibrary">
<doc>Opens a new browser instance to the optional ``url``.</doc>
<arguments>
<arg>about:blank</arg>
<arg>${BROWSER}</arg>
</arguments>
<msg timestamp="20200528 16:47:02.684" level="INFO">Opening browser 'firefox' to base url 'about:blank'.</msg>
<msg timestamp="20200528 16:47:02.695" level="INFO">Firefox driver log is always forced to to: C:\development\robot-scripts\amazon\results\geckodriver-54.log</msg>
<status status="PASS" starttime="20200528 16:47:02.683" endtime="20200528 16:47:09.463"></status>
</kw>
<kw name="Maximize Browser Window" library="SeleniumLibrary">
<doc>Maximizes current browser window.</doc>
<status status="PASS" starttime="20200528 16:47:09.463" endtime="20200528 16:47:09.466"></status>
</kw>
<status status="PASS" starttime="20200528 16:47:02.683" endtime="20200528 16:47:09.466"></status>
</kw>
<kw name="Search for Products" library="AmazonApp">
<kw name="Load" library="LandingPage">
<kw name="Go To" library="SeleniumLibrary">
<doc>Navigates the current browser window to the provided ``url``.</doc>
<arguments>
<arg>${START_URL}</arg>
</arguments>
<msg timestamp="20200528 16:47:09.468" level="INFO">Opening url 'http://www.amazon.com.br'</msg>
<status status="PASS" starttime="20200528 16:47:09.468" endtime="20200528 16:47:17.572"></status>
</kw>
<status status="PASS" starttime="20200528 16:47:09.467" endtime="20200528 16:47:17.572"></status>
</kw>
<kw name="Verify Page Loaded" library="LandingPage">
<kw name="Wait Until Page Contains" library="SeleniumLibrary">
<doc>Waits until ``text`` appears on the current page.</doc>
<arguments>
<arg>Amazon.com.br</arg>
</arguments>
<status status="PASS" starttime="20200528 16:47:17.573" endtime="20200528 16:47:17.621"></status>
</kw>
<status status="PASS" starttime="20200528 16:47:17.572" endtime="20200528 16:47:17.622"></status>
</kw>
<kw name="Search for Products" library="TopNav">
<kw name="Enter Search Term" library="TopNav">
<kw name="Input Text" library="SeleniumLibrary">
<doc>Types the given ``text`` into the text field identified by ``locator``.</doc>
<arguments>
<arg>${TOPNAV_SEARCH_BAR}</arg>
<arg>${SEARCH_TERM}</arg>
</arguments>
<msg timestamp="20200528 16:47:17.623" level="INFO">Typing text 'Ferrari 458' into text field 'id=twotabsearchtextbox'.</msg>
<status status="PASS" starttime="20200528 16:47:17.622" endtime="20200528 16:47:17.688"></status>
</kw>
<status status="PASS" starttime="20200528 16:47:17.622" endtime="20200528 16:47:17.688"></status>
</kw>
<kw name="Submit Search" library="TopNav">
<kw name="Click Button" library="SeleniumLibrary">
<doc>Clicks the button identified by ``locator``.</doc>
<arguments>
<arg>${TOPNAV_SEARCH_BUTTON}</arg>
</arguments>
<msg timestamp="20200528 16:47:17.689" level="INFO">Clicking button 'xpath=//*[@id="nav-search"]/form/div[2]/div/input'.</msg>
<status status="PASS" starttime="20200528 16:47:17.689" endtime="20200528 16:47:18.828"></status>
</kw>
<status status="PASS" starttime="20200528 16:47:17.688" endtime="20200528 16:47:18.829"></status>
</kw>
<status status="PASS" starttime="20200528 16:47:17.622" endtime="20200528 16:47:18.829"></status>
</kw>
<kw name="Verify Search Completed" library="SearchResults">
<kw name="Wait Until Page Contains" library="SeleniumLibrary">
<doc>Waits until ``text`` appears on the current page.</doc>
<arguments>
<arg>resultados para "${SEARCH_TERM}"</arg>
</arguments>
<status status="PASS" starttime="20200528 16:47:18.830" endtime="20200528 16:47:18.867"></status>
</kw>
<status status="PASS" starttime="20200528 16:47:18.829" endtime="20200528 16:47:18.867"></status>
</kw>
<status status="PASS" starttime="20200528 16:47:09.467" endtime="20200528 16:47:18.867"></status>
</kw>
<kw name="Select Product from Search Results" library="AmazonApp">
<kw name="Click Product Link" library="SearchResults">
<doc>Clicks on the first product in the search results list</doc>
<kw name="Click Element" library="SeleniumLibrary">
<doc>Click the element identified by ``locator``.</doc>
<arguments>
<arg>${SEARCH_RESULTS_CLICK_LINK}</arg>
</arguments>
<msg timestamp="20200528 16:47:18.870" level="INFO">Clicking element '//h2/a/span'.</msg>
<status status="PASS" starttime="20200528 16:47:18.869" endtime="20200528 16:47:20.958"></status>
</kw>
<status status="PASS" starttime="20200528 16:47:18.868" endtime="20200528 16:47:20.958"></status>
</kw>
<kw name="Verify Page Loaded" library="Product">
<kw name="Wait Until Page Contains" library="SeleniumLibrary">
<doc>Waits until ``text`` appears on the current page.</doc>
<arguments>
<arg>Voltar aos resultados</arg>
</arguments>
<status status="PASS" starttime="20200528 16:47:20.959" endtime="20200528 16:47:21.042"></status>
</kw>
<status status="PASS" starttime="20200528 16:47:20.958" endtime="20200528 16:47:21.042"></status>
</kw>
<status status="PASS" starttime="20200528 16:47:18.868" endtime="20200528 16:47:21.042"></status>
</kw>
<kw name="Add Product to Cart" library="AmazonApp">
<kw name="Add to Cart" library="Product">
<kw name="Click Button" library="SeleniumLibrary">
<doc>Clicks the button identified by ``locator``.</doc>
<arguments>
<arg>${PRODUCT_ADD_TO_CART}</arg>
</arguments>
<msg timestamp="20200528 16:47:21.045" level="INFO">Clicking button 'id=add-to-cart-button'.</msg>
<status status="PASS" starttime="20200528 16:47:21.044" endtime="20200528 16:47:23.992"></status>
</kw>
<status status="PASS" starttime="20200528 16:47:21.044" endtime="20200528 16:47:23.992"></status>
</kw>
<kw name="Verify Product Added" library="Cart">
<kw name="Wait Until Page Contains" library="SeleniumLibrary">
<doc>Waits until ``text`` appears on the current page.</doc>
<arguments>
<arg>Adicionado ao carrinho</arg>
</arguments>
<status status="PASS" starttime="20200528 16:47:23.994" endtime="20200528 16:47:24.034"></status>
</kw>
<status status="PASS" starttime="20200528 16:47:23.993" endtime="20200528 16:47:24.035"></status>
</kw>
<status status="PASS" starttime="20200528 16:47:21.043" endtime="20200528 16:47:24.035"></status>
</kw>
<kw name="Begin Checkout" library="AmazonApp">
<kw name="Proceed to Checkout" library="Cart">
<kw name="Click Link" library="SeleniumLibrary">
<doc>Clicks a link identified by ``locator``.</doc>
<arguments>
<arg>id=hlb-ptc-btn-native</arg>
</arguments>
<msg timestamp="20200528 16:47:24.038" level="INFO">Clicking link 'id=hlb-ptc-btn-native'.</msg>
<status status="PASS" starttime="20200528 16:47:24.037" endtime="20200528 16:47:25.243"></status>
</kw>
<status status="PASS" starttime="20200528 16:47:24.036" endtime="20200528 16:47:25.243"></status>
</kw>
<kw name="Verify Page Loaded" library="SignIn">
<kw name="Page Should Contain Element" library="SeleniumLibrary">
<doc>Verifies that element ``locator`` is found on the current page.</doc>
<arguments>
<arg>${SIGNIN_MAIN_HEADING}</arg>
</arguments>
<msg timestamp="20200528 16:47:25.379" level="INFO">Current page contains element 'xpath=//h1'.</msg>
<status status="PASS" starttime="20200528 16:47:25.243" endtime="20200528 16:47:25.379"></status>
</kw>
<kw name="Element Text Should Be" library="SeleniumLibrary">
<doc>Verifies that element ``locator`` contains exact the text ``expected``.</doc>
<arguments>
<arg>${SIGNIN_MAIN_HEADING}</arg>
<arg>Fazer login</arg>
</arguments>
<msg timestamp="20200528 16:47:25.380" level="INFO">Verifying element 'xpath=//h1' contains exact text 'Fazer login'.</msg>
<status status="PASS" starttime="20200528 16:47:25.379" endtime="20200528 16:47:25.410"></status>
</kw>
<status status="PASS" starttime="20200528 16:47:25.243" endtime="20200528 16:47:25.410"></status>
</kw>
<status status="PASS" starttime="20200528 16:47:24.036" endtime="20200528 16:47:25.410"></status>
</kw>
<kw name="End Web Test" library="Common" type="teardown">
<kw name="Close Browser" library="SeleniumLibrary">
<doc>Closes the current browser.</doc>
<status status="PASS" starttime="20200528 16:47:25.412" endtime="20200528 16:47:28.194"></status>
</kw>
<status status="PASS" starttime="20200528 16:47:25.411" endtime="20200528 16:47:28.195"></status>
</kw>
<tags>
<tag>Smoke</tag>
</tags>
<status status="PASS" starttime="20200528 16:47:02.682" endtime="20200528 16:47:28.195" critical="yes"></status>
</test>
<doc>This is some basic info about the whole suite</doc>
<status status="PASS" starttime="20200528 16:45:53.498" endtime="20200528 16:47:28.197"></status>
</suite>
<statistics>
<total>
<stat pass="4" fail="0">Critical Tests</stat>
<stat pass="4" fail="0">All Tests</stat>
</total>
<tag>
<stat pass="4" fail="0">Smoke</stat>
</tag>
<suite>
<stat pass="4" fail="0" id="s1" name="Amazon">Amazon</stat>
</suite>
</statistics>
<errors>
</errors>
</robot>
