<?xml version="1.0" encoding="UTF-8"?>
<robot generator="Robot 3.2.1 (Python 3.8.1 on win32)" generated="20200525 07:58:37.233" rpa="false">
<suite id="s1" name="Amazon" source="C:\development\robot-scripts\amazon\tests\amazon.robot">
<test id="s1-t1" name="Logged out user can search for products">
<kw name="Begin Web Test" library="Common" type="setup">
<kw name="Open Browser" library="SeleniumLibrary">
<doc>Opens a new browser instance to the optional ``url``.</doc>
<arguments>
<arg>about:blank</arg>
<arg>firefox</arg>
</arguments>
<msg timestamp="20200525 07:58:37.581" level="INFO">Opening browser 'firefox' to base url 'about:blank'.</msg>
<msg timestamp="20200525 07:58:37.584" level="INFO">Firefox driver log is always forced to to: C:\development\robot-scripts\amazon\results\geckodriver-5.log</msg>
<status status="PASS" starttime="20200525 07:58:37.581" endtime="20200525 07:58:43.458"></status>
</kw>
<kw name="Maximize Browser Window" library="SeleniumLibrary">
<doc>Maximizes current browser window.</doc>
<status status="PASS" starttime="20200525 07:58:43.458" endtime="20200525 07:58:43.461"></status>
</kw>
<status status="PASS" starttime="20200525 07:58:37.580" endtime="20200525 07:58:43.461"></status>
</kw>
<kw name="Search for Products" library="AmazonApp">
<kw name="Load" library="LandingPage">
<kw name="Go To" library="SeleniumLibrary">
<doc>Navigates the current browser window to the provided ``url``.</doc>
<arguments>
<arg>http://www.amazon.com</arg>
</arguments>
<msg timestamp="20200525 07:58:43.464" level="INFO">Opening url 'http://www.amazon.com'</msg>
<status status="PASS" starttime="20200525 07:58:43.464" endtime="20200525 07:58:45.431"></status>
</kw>
<status status="PASS" starttime="20200525 07:58:43.463" endtime="20200525 07:58:45.431"></status>
</kw>
<kw name="Verify Page Loaded" library="LandingPage">
<kw name="Wait Until Page Contains" library="SeleniumLibrary">
<doc>Waits until ``text`` appears on the current page.</doc>
<arguments>
<arg>Amazon.com</arg>
</arguments>
<status status="PASS" starttime="20200525 07:58:45.432" endtime="20200525 07:58:45.450"></status>
</kw>
<status status="PASS" starttime="20200525 07:58:45.431" endtime="20200525 07:58:45.450"></status>
</kw>
<kw name="Search for Products" library="TopNav">
<kw name="Enter Search Term" library="TopNav">
<kw name="Input Text" library="SeleniumLibrary">
<doc>Types the given ``text`` into the text field identified by ``locator``.</doc>
<arguments>
<arg>id=twotabsearchtextbox</arg>
<arg>Ferrari 458</arg>
</arguments>
<msg timestamp="20200525 07:58:45.451" level="INFO">Typing text 'Ferrari 458' into text field 'id=twotabsearchtextbox'.</msg>
<status status="PASS" starttime="20200525 07:58:45.451" endtime="20200525 07:58:45.543"></status>
</kw>
<status status="PASS" starttime="20200525 07:58:45.451" endtime="20200525 07:58:45.543"></status>
</kw>
<kw name="Submit Search" library="TopNav">
<kw name="Click Button" library="SeleniumLibrary">
<doc>Clicks the button identified by ``locator``.</doc>
<arguments>
<arg>xpath=//*[@id="nav-search"]/form/div[2]/div/input</arg>
</arguments>
<msg timestamp="20200525 07:58:45.544" level="INFO">Clicking button 'xpath=//*[@id="nav-search"]/form/div[2]/div/input'.</msg>
<status status="PASS" starttime="20200525 07:58:45.544" endtime="20200525 07:58:47.064"></status>
</kw>
<status status="PASS" starttime="20200525 07:58:45.544" endtime="20200525 07:58:47.064"></status>
</kw>
<status status="PASS" starttime="20200525 07:58:45.450" endtime="20200525 07:58:47.065"></status>
</kw>
<kw name="Verify Search Completed" library="SearchResults">
<kw name="Wait Until Page Contains" library="SeleniumLibrary">
<doc>Waits until ``text`` appears on the current page.</doc>
<arguments>
<arg>results for "Ferrari 458"</arg>
</arguments>
<status status="PASS" starttime="20200525 07:58:47.066" endtime="20200525 07:58:47.149"></status>
</kw>
<status status="PASS" starttime="20200525 07:58:47.065" endtime="20200525 07:58:47.149"></status>
</kw>
<status status="PASS" starttime="20200525 07:58:43.462" endtime="20200525 07:58:47.149"></status>
</kw>
<kw name="End Web Test" library="Common" type="teardown">
<kw name="Close Browser" library="SeleniumLibrary">
<doc>Closes the current browser.</doc>
<status status="PASS" starttime="20200525 07:58:47.150" endtime="20200525 07:58:48.521"></status>
</kw>
<status status="PASS" starttime="20200525 07:58:47.150" endtime="20200525 07:58:48.521"></status>
</kw>
<tags>
<tag>Smoke</tag>
</tags>
<status status="PASS" starttime="20200525 07:58:37.580" endtime="20200525 07:58:48.521" critical="yes"></status>
</test>
<test id="s1-t2" name="Logged out user can view a product">
<kw name="Begin Web Test" library="Common" type="setup">
<kw name="Open Browser" library="SeleniumLibrary">
<doc>Opens a new browser instance to the optional ``url``.</doc>
<arguments>
<arg>about:blank</arg>
<arg>firefox</arg>
</arguments>
<msg timestamp="20200525 07:58:48.524" level="INFO">Opening browser 'firefox' to base url 'about:blank'.</msg>
<msg timestamp="20200525 07:58:48.526" level="INFO">Firefox driver log is always forced to to: C:\development\robot-scripts\amazon\results\geckodriver-6.log</msg>
<status status="PASS" starttime="20200525 07:58:48.523" endtime="20200525 07:58:54.397"></status>
</kw>
<kw name="Maximize Browser Window" library="SeleniumLibrary">
<doc>Maximizes current browser window.</doc>
<status status="PASS" starttime="20200525 07:58:54.397" endtime="20200525 07:58:54.400"></status>
</kw>
<status status="PASS" starttime="20200525 07:58:48.523" endtime="20200525 07:58:54.400"></status>
</kw>
<kw name="Search for Products" library="AmazonApp">
<kw name="Load" library="LandingPage">
<kw name="Go To" library="SeleniumLibrary">
<doc>Navigates the current browser window to the provided ``url``.</doc>
<arguments>
<arg>http://www.amazon.com</arg>
</arguments>
<msg timestamp="20200525 07:58:54.401" level="INFO">Opening url 'http://www.amazon.com'</msg>
<status status="PASS" starttime="20200525 07:58:54.401" endtime="20200525 07:58:56.453"></status>
</kw>
<status status="PASS" starttime="20200525 07:58:54.401" endtime="20200525 07:58:56.453"></status>
</kw>
<kw name="Verify Page Loaded" library="LandingPage">
<kw name="Wait Until Page Contains" library="SeleniumLibrary">
<doc>Waits until ``text`` appears on the current page.</doc>
<arguments>
<arg>Amazon.com</arg>
</arguments>
<status status="PASS" starttime="20200525 07:58:56.454" endtime="20200525 07:58:56.505"></status>
</kw>
<status status="PASS" starttime="20200525 07:58:56.453" endtime="20200525 07:58:56.506"></status>
</kw>
<kw name="Search for Products" library="TopNav">
<kw name="Enter Search Term" library="TopNav">
<kw name="Input Text" library="SeleniumLibrary">
<doc>Types the given ``text`` into the text field identified by ``locator``.</doc>
<arguments>
<arg>id=twotabsearchtextbox</arg>
<arg>Ferrari 458</arg>
</arguments>
<msg timestamp="20200525 07:58:56.507" level="INFO">Typing text 'Ferrari 458' into text field 'id=twotabsearchtextbox'.</msg>
<status status="PASS" starttime="20200525 07:58:56.507" endtime="20200525 07:58:56.633"></status>
</kw>
<status status="PASS" starttime="20200525 07:58:56.506" endtime="20200525 07:58:56.634"></status>
</kw>
<kw name="Submit Search" library="TopNav">
<kw name="Click Button" library="SeleniumLibrary">
<doc>Clicks the button identified by ``locator``.</doc>
<arguments>
<arg>xpath=//*[@id="nav-search"]/form/div[2]/div/input</arg>
</arguments>
<msg timestamp="20200525 07:58:56.634" level="INFO">Clicking button 'xpath=//*[@id="nav-search"]/form/div[2]/div/input'.</msg>
<status status="PASS" starttime="20200525 07:58:56.634" endtime="20200525 07:58:58.757"></status>
</kw>
<status status="PASS" starttime="20200525 07:58:56.634" endtime="20200525 07:58:58.757"></status>
</kw>
<status status="PASS" starttime="20200525 07:58:56.506" endtime="20200525 07:58:58.758"></status>
</kw>
<kw name="Verify Search Completed" library="SearchResults">
<kw name="Wait Until Page Contains" library="SeleniumLibrary">
<doc>Waits until ``text`` appears on the current page.</doc>
<arguments>
<arg>results for "Ferrari 458"</arg>
</arguments>
<status status="PASS" starttime="20200525 07:58:58.758" endtime="20200525 07:58:58.804"></status>
</kw>
<status status="PASS" starttime="20200525 07:58:58.758" endtime="20200525 07:58:58.804"></status>
</kw>
<status status="PASS" starttime="20200525 07:58:54.400" endtime="20200525 07:58:58.804"></status>
</kw>
<kw name="Select Product from Search Results" library="AmazonApp">
<kw name="Click Product Link" library="SearchResults">
<doc>Clicks on the first product in the search results list</doc>
<kw name="Click Link" library="SeleniumLibrary">
<doc>Clicks a link identified by ``locator``.</doc>
<arguments>
<arg>css=div.sg-col-4-of-24:nth-child(5) &gt; div:nth-child(1) &gt; span:nth-child(1) &gt; div:nth-child(1) &gt; div:nth-child(1) &gt; div:nth-child(3) &gt; h2:nth-child(1) &gt; a:nth-child(1)</arg>
</arguments>
<msg timestamp="20200525 07:58:58.805" level="INFO">Clicking link 'css=div.sg-col-4-of-24:nth-child(5) &gt; div:nth-child(1) &gt; span:nth-child(1) &gt; div:nth-child(1) &gt; div:nth-child(1) &gt; div:nth-child(3) &gt; h2:nth-child(1) &gt; a:nth-child(1)'.</msg>
<status status="PASS" starttime="20200525 07:58:58.805" endtime="20200525 07:59:00.949"></status>
</kw>
<status status="PASS" starttime="20200525 07:58:58.805" endtime="20200525 07:59:00.949"></status>
</kw>
<kw name="Verify Page Loaded" library="Product">
<kw name="Wait Until Page Contains" library="SeleniumLibrary">
<doc>Waits until ``text`` appears on the current page.</doc>
<arguments>
<arg>Back to results</arg>
</arguments>
<status status="PASS" starttime="20200525 07:59:00.950" endtime="20200525 07:59:01.053"></status>
</kw>
<status status="PASS" starttime="20200525 07:59:00.949" endtime="20200525 07:59:01.053"></status>
</kw>
<status status="PASS" starttime="20200525 07:58:58.804" endtime="20200525 07:59:01.053"></status>
</kw>
<kw name="End Web Test" library="Common" type="teardown">
<kw name="Close Browser" library="SeleniumLibrary">
<doc>Closes the current browser.</doc>
<status status="PASS" starttime="20200525 07:59:01.054" endtime="20200525 07:59:02.814"></status>
</kw>
<status status="PASS" starttime="20200525 07:59:01.054" endtime="20200525 07:59:02.814"></status>
</kw>
<tags>
<tag>Smoke</tag>
</tags>
<status status="PASS" starttime="20200525 07:58:48.522" endtime="20200525 07:59:02.815" critical="yes"></status>
</test>
<test id="s1-t3" name="Logged out user can add product to cart">
<kw name="Begin Web Test" library="Common" type="setup">
<kw name="Open Browser" library="SeleniumLibrary">
<doc>Opens a new browser instance to the optional ``url``.</doc>
<arguments>
<arg>about:blank</arg>
<arg>firefox</arg>
</arguments>
<msg timestamp="20200525 07:59:02.817" level="INFO">Opening browser 'firefox' to base url 'about:blank'.</msg>
<msg timestamp="20200525 07:59:02.819" level="INFO">Firefox driver log is always forced to to: C:\development\robot-scripts\amazon\results\geckodriver-7.log</msg>
<status status="PASS" starttime="20200525 07:59:02.816" endtime="20200525 07:59:08.669"></status>
</kw>
<kw name="Maximize Browser Window" library="SeleniumLibrary">
<doc>Maximizes current browser window.</doc>
<status status="PASS" starttime="20200525 07:59:08.669" endtime="20200525 07:59:08.672"></status>
</kw>
<status status="PASS" starttime="20200525 07:59:02.816" endtime="20200525 07:59:08.672"></status>
</kw>
<kw name="Search for Products" library="AmazonApp">
<kw name="Load" library="LandingPage">
<kw name="Go To" library="SeleniumLibrary">
<doc>Navigates the current browser window to the provided ``url``.</doc>
<arguments>
<arg>http://www.amazon.com</arg>
</arguments>
<msg timestamp="20200525 07:59:08.673" level="INFO">Opening url 'http://www.amazon.com'</msg>
<status status="PASS" starttime="20200525 07:59:08.673" endtime="20200525 07:59:10.376"></status>
</kw>
<status status="PASS" starttime="20200525 07:59:08.673" endtime="20200525 07:59:10.377"></status>
</kw>
<kw name="Verify Page Loaded" library="LandingPage">
<kw name="Wait Until Page Contains" library="SeleniumLibrary">
<doc>Waits until ``text`` appears on the current page.</doc>
<arguments>
<arg>Amazon.com</arg>
</arguments>
<status status="PASS" starttime="20200525 07:59:10.377" endtime="20200525 07:59:10.417"></status>
</kw>
<status status="PASS" starttime="20200525 07:59:10.377" endtime="20200525 07:59:10.417"></status>
</kw>
<kw name="Search for Products" library="TopNav">
<kw name="Enter Search Term" library="TopNav">
<kw name="Input Text" library="SeleniumLibrary">
<doc>Types the given ``text`` into the text field identified by ``locator``.</doc>
<arguments>
<arg>id=twotabsearchtextbox</arg>
<arg>Ferrari 458</arg>
</arguments>
<msg timestamp="20200525 07:59:10.419" level="INFO">Typing text 'Ferrari 458' into text field 'id=twotabsearchtextbox'.</msg>
<status status="PASS" starttime="20200525 07:59:10.418" endtime="20200525 07:59:10.519"></status>
</kw>
<status status="PASS" starttime="20200525 07:59:10.418" endtime="20200525 07:59:10.519"></status>
</kw>
<kw name="Submit Search" library="TopNav">
<kw name="Click Button" library="SeleniumLibrary">
<doc>Clicks the button identified by ``locator``.</doc>
<arguments>
<arg>xpath=//*[@id="nav-search"]/form/div[2]/div/input</arg>
</arguments>
<msg timestamp="20200525 07:59:10.521" level="INFO">Clicking button 'xpath=//*[@id="nav-search"]/form/div[2]/div/input'.</msg>
<status status="PASS" starttime="20200525 07:59:10.520" endtime="20200525 07:59:12.109"></status>
</kw>
<status status="PASS" starttime="20200525 07:59:10.520" endtime="20200525 07:59:12.109"></status>
</kw>
<status status="PASS" starttime="20200525 07:59:10.417" endtime="20200525 07:59:12.109"></status>
</kw>
<kw name="Verify Search Completed" library="SearchResults">
<kw name="Wait Until Page Contains" library="SeleniumLibrary">
<doc>Waits until ``text`` appears on the current page.</doc>
<arguments>
<arg>results for "Ferrari 458"</arg>
</arguments>
<status status="PASS" starttime="20200525 07:59:12.110" endtime="20200525 07:59:12.151"></status>
</kw>
<status status="PASS" starttime="20200525 07:59:12.110" endtime="20200525 07:59:12.152"></status>
</kw>
<status status="PASS" starttime="20200525 07:59:08.672" endtime="20200525 07:59:12.152"></status>
</kw>
<kw name="Select Product from Search Results" library="AmazonApp">
<kw name="Click Product Link" library="SearchResults">
<doc>Clicks on the first product in the search results list</doc>
<kw name="Click Link" library="SeleniumLibrary">
<doc>Clicks a link identified by ``locator``.</doc>
<arguments>
<arg>css=div.sg-col-4-of-24:nth-child(5) &gt; div:nth-child(1) &gt; span:nth-child(1) &gt; div:nth-child(1) &gt; div:nth-child(1) &gt; div:nth-child(3) &gt; h2:nth-child(1) &gt; a:nth-child(1)</arg>
</arguments>
<msg timestamp="20200525 07:59:12.153" level="INFO">Clicking link 'css=div.sg-col-4-of-24:nth-child(5) &gt; div:nth-child(1) &gt; span:nth-child(1) &gt; div:nth-child(1) &gt; div:nth-child(1) &gt; div:nth-child(3) &gt; h2:nth-child(1) &gt; a:nth-child(1)'.</msg>
<status status="PASS" starttime="20200525 07:59:12.153" endtime="20200525 07:59:14.988"></status>
</kw>
<status status="PASS" starttime="20200525 07:59:12.153" endtime="20200525 07:59:14.989"></status>
</kw>
<kw name="Verify Page Loaded" library="Product">
<kw name="Wait Until Page Contains" library="SeleniumLibrary">
<doc>Waits until ``text`` appears on the current page.</doc>
<arguments>
<arg>Back to results</arg>
</arguments>
<status status="PASS" starttime="20200525 07:59:14.990" endtime="20200525 07:59:15.070"></status>
</kw>
<status status="PASS" starttime="20200525 07:59:14.989" endtime="20200525 07:59:15.070"></status>
</kw>
<status status="PASS" starttime="20200525 07:59:12.152" endtime="20200525 07:59:15.070"></status>
</kw>
<kw name="Add Product to Cart" library="AmazonApp">
<kw name="Add to Cart" library="Product">
<kw name="Click Button" library="SeleniumLibrary">
<doc>Clicks the button identified by ``locator``.</doc>
<arguments>
<arg>id=add-to-cart-button</arg>
</arguments>
<msg timestamp="20200525 07:59:15.072" level="INFO">Clicking button 'id=add-to-cart-button'.</msg>
<status status="PASS" starttime="20200525 07:59:15.071" endtime="20200525 07:59:17.119"></status>
</kw>
<status status="PASS" starttime="20200525 07:59:15.071" endtime="20200525 07:59:17.119"></status>
</kw>
<kw name="Verify Product Added" library="Cart">
<kw name="Wait Until Page Contains" library="SeleniumLibrary">
<doc>Waits until ``text`` appears on the current page.</doc>
<arguments>
<arg>Added to Cart</arg>
</arguments>
<status status="PASS" starttime="20200525 07:59:17.120" endtime="20200525 07:59:17.150"></status>
</kw>
<status status="PASS" starttime="20200525 07:59:17.119" endtime="20200525 07:59:17.151"></status>
</kw>
<status status="PASS" starttime="20200525 07:59:15.071" endtime="20200525 07:59:17.151"></status>
</kw>
<kw name="End Web Test" library="Common" type="teardown">
<kw name="Close Browser" library="SeleniumLibrary">
<doc>Closes the current browser.</doc>
<status status="PASS" starttime="20200525 07:59:17.152" endtime="20200525 07:59:18.640"></status>
</kw>
<status status="PASS" starttime="20200525 07:59:17.152" endtime="20200525 07:59:18.640"></status>
</kw>
<tags>
<tag>Smoke</tag>
</tags>
<status status="PASS" starttime="20200525 07:59:02.816" endtime="20200525 07:59:18.641" critical="yes"></status>
</test>
<test id="s1-t4" name="Logged out user must sign in to check out">
<kw name="Begin Web Test" library="Common" type="setup">
<kw name="Open Browser" library="SeleniumLibrary">
<doc>Opens a new browser instance to the optional ``url``.</doc>
<arguments>
<arg>about:blank</arg>
<arg>firefox</arg>
</arguments>
<msg timestamp="20200525 07:59:18.642" level="INFO">Opening browser 'firefox' to base url 'about:blank'.</msg>
<msg timestamp="20200525 07:59:18.645" level="INFO">Firefox driver log is always forced to to: C:\development\robot-scripts\amazon\results\geckodriver-8.log</msg>
<status status="PASS" starttime="20200525 07:59:18.642" endtime="20200525 07:59:24.519"></status>
</kw>
<kw name="Maximize Browser Window" library="SeleniumLibrary">
<doc>Maximizes current browser window.</doc>
<status status="PASS" starttime="20200525 07:59:24.519" endtime="20200525 07:59:24.521"></status>
</kw>
<status status="PASS" starttime="20200525 07:59:18.642" endtime="20200525 07:59:24.522"></status>
</kw>
<kw name="Search for Products" library="AmazonApp">
<kw name="Load" library="LandingPage">
<kw name="Go To" library="SeleniumLibrary">
<doc>Navigates the current browser window to the provided ``url``.</doc>
<arguments>
<arg>http://www.amazon.com</arg>
</arguments>
<msg timestamp="20200525 07:59:24.523" level="INFO">Opening url 'http://www.amazon.com'</msg>
<status status="PASS" starttime="20200525 07:59:24.523" endtime="20200525 07:59:25.978"></status>
</kw>
<status status="PASS" starttime="20200525 07:59:24.522" endtime="20200525 07:59:25.978"></status>
</kw>
<kw name="Verify Page Loaded" library="LandingPage">
<kw name="Wait Until Page Contains" library="SeleniumLibrary">
<doc>Waits until ``text`` appears on the current page.</doc>
<arguments>
<arg>Amazon.com</arg>
</arguments>
<status status="PASS" starttime="20200525 07:59:25.978" endtime="20200525 07:59:26.009"></status>
</kw>
<status status="PASS" starttime="20200525 07:59:25.978" endtime="20200525 07:59:26.009"></status>
</kw>
<kw name="Search for Products" library="TopNav">
<kw name="Enter Search Term" library="TopNav">
<kw name="Input Text" library="SeleniumLibrary">
<doc>Types the given ``text`` into the text field identified by ``locator``.</doc>
<arguments>
<arg>id=twotabsearchtextbox</arg>
<arg>Ferrari 458</arg>
</arguments>
<msg timestamp="20200525 07:59:26.010" level="INFO">Typing text 'Ferrari 458' into text field 'id=twotabsearchtextbox'.</msg>
<status status="PASS" starttime="20200525 07:59:26.010" endtime="20200525 07:59:26.116"></status>
</kw>
<status status="PASS" starttime="20200525 07:59:26.009" endtime="20200525 07:59:26.116"></status>
</kw>
<kw name="Submit Search" library="TopNav">
<kw name="Click Button" library="SeleniumLibrary">
<doc>Clicks the button identified by ``locator``.</doc>
<arguments>
<arg>xpath=//*[@id="nav-search"]/form/div[2]/div/input</arg>
</arguments>
<msg timestamp="20200525 07:59:26.117" level="INFO">Clicking button 'xpath=//*[@id="nav-search"]/form/div[2]/div/input'.</msg>
<status status="PASS" starttime="20200525 07:59:26.117" endtime="20200525 07:59:28.604"></status>
</kw>
<status status="PASS" starttime="20200525 07:59:26.116" endtime="20200525 07:59:28.604"></status>
</kw>
<status status="PASS" starttime="20200525 07:59:26.009" endtime="20200525 07:59:28.605"></status>
</kw>
<kw name="Verify Search Completed" library="SearchResults">
<kw name="Wait Until Page Contains" library="SeleniumLibrary">
<doc>Waits until ``text`` appears on the current page.</doc>
<arguments>
<arg>results for "Ferrari 458"</arg>
</arguments>
<status status="PASS" starttime="20200525 07:59:28.605" endtime="20200525 07:59:28.635"></status>
</kw>
<status status="PASS" starttime="20200525 07:59:28.605" endtime="20200525 07:59:28.636"></status>
</kw>
<status status="PASS" starttime="20200525 07:59:24.522" endtime="20200525 07:59:28.636"></status>
</kw>
<kw name="Select Product from Search Results" library="AmazonApp">
<kw name="Click Product Link" library="SearchResults">
<doc>Clicks on the first product in the search results list</doc>
<kw name="Click Link" library="SeleniumLibrary">
<doc>Clicks a link identified by ``locator``.</doc>
<arguments>
<arg>css=div.sg-col-4-of-24:nth-child(5) &gt; div:nth-child(1) &gt; span:nth-child(1) &gt; div:nth-child(1) &gt; div:nth-child(1) &gt; div:nth-child(3) &gt; h2:nth-child(1) &gt; a:nth-child(1)</arg>
</arguments>
<msg timestamp="20200525 07:59:28.637" level="INFO">Clicking link 'css=div.sg-col-4-of-24:nth-child(5) &gt; div:nth-child(1) &gt; span:nth-child(1) &gt; div:nth-child(1) &gt; div:nth-child(1) &gt; div:nth-child(3) &gt; h2:nth-child(1) &gt; a:nth-child(1)'.</msg>
<kw name="Capture Page Screenshot" library="SeleniumLibrary">
<doc>Takes a screenshot of the current page and embeds it into a log file.</doc>
<msg timestamp="20200525 07:59:28.759" level="INFO" html="yes">&lt;/td&gt;&lt;/tr&gt;&lt;tr&gt;&lt;td colspan="3"&gt;&lt;a href="selenium-screenshot-2.png"&gt;&lt;img src="selenium-screenshot-2.png" width="800px"&gt;&lt;/a&gt;</msg>
<status status="PASS" starttime="20200525 07:59:28.653" endtime="20200525 07:59:28.759"></status>
</kw>
<msg timestamp="20200525 07:59:28.770" level="FAIL">Link with locator 'css=div.sg-col-4-of-24:nth-child(5) &gt; div:nth-child(1) &gt; span:nth-child(1) &gt; div:nth-child(1) &gt; div:nth-child(1) &gt; div:nth-child(3) &gt; h2:nth-child(1) &gt; a:nth-child(1)' not found.</msg>
<status status="FAIL" starttime="20200525 07:59:28.637" endtime="20200525 07:59:28.770"></status>
</kw>
<status status="FAIL" starttime="20200525 07:59:28.637" endtime="20200525 07:59:28.771"></status>
</kw>
<status status="FAIL" starttime="20200525 07:59:28.636" endtime="20200525 07:59:28.771"></status>
</kw>
<kw name="End Web Test" library="Common" type="teardown">
<kw name="Close Browser" library="SeleniumLibrary">
<doc>Closes the current browser.</doc>
<status status="PASS" starttime="20200525 07:59:28.772" endtime="20200525 07:59:30.126"></status>
</kw>
<status status="PASS" starttime="20200525 07:59:28.771" endtime="20200525 07:59:30.126"></status>
</kw>
<tags>
<tag>Smoke</tag>
</tags>
<status status="FAIL" starttime="20200525 07:59:18.641" endtime="20200525 07:59:30.126" critical="yes">Link with locator 'css=div.sg-col-4-of-24:nth-child(5) &gt; div:nth-child(1) &gt; span:nth-child(1) &gt; div:nth-child(1) &gt; div:nth-child(1) &gt; div:nth-child(3) &gt; h2:nth-child(1) &gt; a:nth-child(1)' not found.</status>
</test>
<doc>This is some basic info about the whole suite</doc>
<status status="FAIL" starttime="20200525 07:58:37.236" endtime="20200525 07:59:30.127"></status>
</suite>
<statistics>
<total>
<stat pass="3" fail="1">Critical Tests</stat>
<stat pass="3" fail="1">All Tests</stat>
</total>
<tag>
<stat pass="3" fail="1">Smoke</stat>
</tag>
<suite>
<stat pass="3" fail="1" id="s1" name="Amazon">Amazon</stat>
</suite>
</statistics>
<errors>
</errors>
</robot>
