<?xml version="1.0" encoding="UTF-8"?>
<robot generator="Robot 3.2.1 (Python 3.8.1 on win32)" generated="20200523 15:04:03.808" rpa="false">
<suite id="s1" name="Amazon" source="C:\development\robot-scripts\amazon\tests\amazon.robot">
<test id="s1-t1" name="Logged out user can search for products">
<kw name="Begin Web Test" library="Common" type="setup">
<kw name="Open Browser" library="SeleniumLibrary">
<doc>Opens a new browser instance to the optional ``url``.</doc>
<arguments>
<arg>about:blank</arg>
<arg>firefox</arg>
</arguments>
<msg timestamp="20200523 15:04:04.091" level="INFO">Opening browser 'firefox' to base url 'about:blank'.</msg>
<msg timestamp="20200523 15:04:04.097" level="INFO">Firefox driver log is always forced to to: C:\development\robot-scripts\amazon\results\geckodriver-27.log</msg>
<status status="PASS" starttime="20200523 15:04:04.091" endtime="20200523 15:04:10.050"></status>
</kw>
<kw name="Maximize Browser Window" library="SeleniumLibrary">
<doc>Maximizes current browser window.</doc>
<status status="PASS" starttime="20200523 15:04:10.050" endtime="20200523 15:04:10.053"></status>
</kw>
<status status="PASS" starttime="20200523 15:04:04.091" endtime="20200523 15:04:10.053"></status>
</kw>
<kw name="Search for Products" library="AmazonApp">
<kw name="Load" library="LandingPage">
<kw name="Go To" library="SeleniumLibrary">
<doc>Navigates the current browser window to the provided ``url``.</doc>
<arguments>
<arg>http://www.amazon.com</arg>
</arguments>
<msg timestamp="20200523 15:04:10.054" level="INFO">Opening url 'http://www.amazon.com'</msg>
<status status="PASS" starttime="20200523 15:04:10.054" endtime="20200523 15:04:12.737"></status>
</kw>
<status status="PASS" starttime="20200523 15:04:10.054" endtime="20200523 15:04:12.737"></status>
</kw>
<kw name="Verify Page Loaded" library="LandingPage">
<kw name="Wait Until Page Contains" library="SeleniumLibrary">
<doc>Waits until ``text`` appears on the current page.</doc>
<arguments>
<arg>Amazon.com</arg>
</arguments>
<status status="PASS" starttime="20200523 15:04:12.737" endtime="20200523 15:04:12.756"></status>
</kw>
<status status="PASS" starttime="20200523 15:04:12.737" endtime="20200523 15:04:12.756"></status>
</kw>
<kw name="Search for Products" library="TopNav">
<kw name="Enter Search Term" library="TopNav">
<kw name="Input Text" library="SeleniumLibrary">
<doc>Types the given ``text`` into the text field identified by ``locator``.</doc>
<arguments>
<arg>id=twotabsearchtextbox</arg>
<arg>Ferrari 458</arg>
</arguments>
<msg timestamp="20200523 15:04:12.757" level="INFO">Typing text 'Ferrari 458' into text field 'id=twotabsearchtextbox'.</msg>
<status status="PASS" starttime="20200523 15:04:12.757" endtime="20200523 15:04:12.846"></status>
</kw>
<status status="PASS" starttime="20200523 15:04:12.756" endtime="20200523 15:04:12.847"></status>
</kw>
<kw name="Submit Search" library="TopNav">
<kw name="Click Button" library="SeleniumLibrary">
<doc>Clicks the button identified by ``locator``.</doc>
<arguments>
<arg>xpath=//*[@id="nav-search"]/form/div[2]/div/input</arg>
</arguments>
<msg timestamp="20200523 15:04:12.848" level="INFO">Clicking button 'xpath=//*[@id="nav-search"]/form/div[2]/div/input'.</msg>
<status status="PASS" starttime="20200523 15:04:12.848" endtime="20200523 15:04:14.463"></status>
</kw>
<status status="PASS" starttime="20200523 15:04:12.847" endtime="20200523 15:04:14.463"></status>
</kw>
<status status="PASS" starttime="20200523 15:04:12.756" endtime="20200523 15:04:14.463"></status>
</kw>
<kw name="Verify Search Completed" library="SearchResults">
<kw name="Wait Until Page Contains" library="SeleniumLibrary">
<doc>Waits until ``text`` appears on the current page.</doc>
<arguments>
<arg>results for "Ferrari 458"</arg>
</arguments>
<status status="PASS" starttime="20200523 15:04:14.464" endtime="20200523 15:04:14.515"></status>
</kw>
<status status="PASS" starttime="20200523 15:04:14.463" endtime="20200523 15:04:14.515"></status>
</kw>
<status status="PASS" starttime="20200523 15:04:10.054" endtime="20200523 15:04:14.515"></status>
</kw>
<kw name="End Web Test" library="Common" type="teardown">
<kw name="Close Browser" library="SeleniumLibrary">
<doc>Closes the current browser.</doc>
<status status="PASS" starttime="20200523 15:04:14.517" endtime="20200523 15:04:17.074"></status>
</kw>
<status status="PASS" starttime="20200523 15:04:14.516" endtime="20200523 15:04:17.074"></status>
</kw>
<tags>
<tag>Smoke</tag>
</tags>
<status status="PASS" starttime="20200523 15:04:04.090" endtime="20200523 15:04:17.074" critical="yes"></status>
</test>
<test id="s1-t2" name="Logged out user can view a product">
<kw name="Begin Web Test" library="Common" type="setup">
<kw name="Open Browser" library="SeleniumLibrary">
<doc>Opens a new browser instance to the optional ``url``.</doc>
<arguments>
<arg>about:blank</arg>
<arg>firefox</arg>
</arguments>
<msg timestamp="20200523 15:04:17.076" level="INFO">Opening browser 'firefox' to base url 'about:blank'.</msg>
<msg timestamp="20200523 15:04:17.081" level="INFO">Firefox driver log is always forced to to: C:\development\robot-scripts\amazon\results\geckodriver-28.log</msg>
<status status="PASS" starttime="20200523 15:04:17.076" endtime="20200523 15:04:22.951"></status>
</kw>
<kw name="Maximize Browser Window" library="SeleniumLibrary">
<doc>Maximizes current browser window.</doc>
<status status="PASS" starttime="20200523 15:04:22.952" endtime="20200523 15:04:22.969"></status>
</kw>
<status status="PASS" starttime="20200523 15:04:17.076" endtime="20200523 15:04:22.970"></status>
</kw>
<kw name="Search for Products" library="AmazonApp">
<kw name="Load" library="LandingPage">
<kw name="Go To" library="SeleniumLibrary">
<doc>Navigates the current browser window to the provided ``url``.</doc>
<arguments>
<arg>http://www.amazon.com</arg>
</arguments>
<msg timestamp="20200523 15:04:22.971" level="INFO">Opening url 'http://www.amazon.com'</msg>
<status status="PASS" starttime="20200523 15:04:22.971" endtime="20200523 15:04:25.545"></status>
</kw>
<status status="PASS" starttime="20200523 15:04:22.971" endtime="20200523 15:04:25.545"></status>
</kw>
<kw name="Verify Page Loaded" library="LandingPage">
<kw name="Wait Until Page Contains" library="SeleniumLibrary">
<doc>Waits until ``text`` appears on the current page.</doc>
<arguments>
<arg>Amazon.com</arg>
</arguments>
<status status="PASS" starttime="20200523 15:04:25.546" endtime="20200523 15:04:25.591"></status>
</kw>
<status status="PASS" starttime="20200523 15:04:25.545" endtime="20200523 15:04:25.591"></status>
</kw>
<kw name="Search for Products" library="TopNav">
<kw name="Enter Search Term" library="TopNav">
<kw name="Input Text" library="SeleniumLibrary">
<doc>Types the given ``text`` into the text field identified by ``locator``.</doc>
<arguments>
<arg>id=twotabsearchtextbox</arg>
<arg>Ferrari 458</arg>
</arguments>
<msg timestamp="20200523 15:04:25.592" level="INFO">Typing text 'Ferrari 458' into text field 'id=twotabsearchtextbox'.</msg>
<status status="PASS" starttime="20200523 15:04:25.591" endtime="20200523 15:04:25.659"></status>
</kw>
<status status="PASS" starttime="20200523 15:04:25.591" endtime="20200523 15:04:25.659"></status>
</kw>
<kw name="Submit Search" library="TopNav">
<kw name="Click Button" library="SeleniumLibrary">
<doc>Clicks the button identified by ``locator``.</doc>
<arguments>
<arg>xpath=//*[@id="nav-search"]/form/div[2]/div/input</arg>
</arguments>
<msg timestamp="20200523 15:04:25.660" level="INFO">Clicking button 'xpath=//*[@id="nav-search"]/form/div[2]/div/input'.</msg>
<status status="PASS" starttime="20200523 15:04:25.660" endtime="20200523 15:04:27.253"></status>
</kw>
<status status="PASS" starttime="20200523 15:04:25.659" endtime="20200523 15:04:27.253"></status>
</kw>
<status status="PASS" starttime="20200523 15:04:25.591" endtime="20200523 15:04:27.254"></status>
</kw>
<kw name="Verify Search Completed" library="SearchResults">
<kw name="Wait Until Page Contains" library="SeleniumLibrary">
<doc>Waits until ``text`` appears on the current page.</doc>
<arguments>
<arg>results for "Ferrari 458"</arg>
</arguments>
<status status="PASS" starttime="20200523 15:04:27.254" endtime="20200523 15:04:27.337"></status>
</kw>
<status status="PASS" starttime="20200523 15:04:27.254" endtime="20200523 15:04:27.337"></status>
</kw>
<status status="PASS" starttime="20200523 15:04:22.970" endtime="20200523 15:04:27.337"></status>
</kw>
<kw name="Select Product from Search Results" library="AmazonApp">
<kw name="Click Product Link" library="SearchResults">
<doc>Clicks on the first product in the search results list</doc>
<kw name="Click Link" library="SeleniumLibrary">
<doc>Clicks a link identified by ``locator``.</doc>
<arguments>
<arg>css=div.sg-col-4-of-24:nth-child(5) &gt; div:nth-child(1) &gt; span:nth-child(1) &gt; div:nth-child(1) &gt; div:nth-child(1) &gt; div:nth-child(3) &gt; h2:nth-child(1) &gt; a:nth-child(1)</arg>
</arguments>
<msg timestamp="20200523 15:04:27.338" level="INFO">Clicking link 'css=div.sg-col-4-of-24:nth-child(5) &gt; div:nth-child(1) &gt; span:nth-child(1) &gt; div:nth-child(1) &gt; div:nth-child(1) &gt; div:nth-child(3) &gt; h2:nth-child(1) &gt; a:nth-child(1)'.</msg>
<status status="PASS" starttime="20200523 15:04:27.338" endtime="20200523 15:04:30.501"></status>
</kw>
<status status="PASS" starttime="20200523 15:04:27.337" endtime="20200523 15:04:30.501"></status>
</kw>
<kw name="Verify Page Loaded" library="Product">
<kw name="Wait Until Page Contains" library="SeleniumLibrary">
<doc>Waits until ``text`` appears on the current page.</doc>
<arguments>
<arg>Back to results</arg>
</arguments>
<status status="PASS" starttime="20200523 15:04:30.502" endtime="20200523 15:04:30.579"></status>
</kw>
<status status="PASS" starttime="20200523 15:04:30.501" endtime="20200523 15:04:30.579"></status>
</kw>
<status status="PASS" starttime="20200523 15:04:27.337" endtime="20200523 15:04:30.579"></status>
</kw>
<kw name="End Web Test" library="Common" type="teardown">
<kw name="Close Browser" library="SeleniumLibrary">
<doc>Closes the current browser.</doc>
<status status="PASS" starttime="20200523 15:04:30.581" endtime="20200523 15:04:33.562"></status>
</kw>
<status status="PASS" starttime="20200523 15:04:30.580" endtime="20200523 15:04:33.562"></status>
</kw>
<tags>
<tag>Smoke</tag>
</tags>
<status status="PASS" starttime="20200523 15:04:17.075" endtime="20200523 15:04:33.563" critical="yes"></status>
</test>
<test id="s1-t3" name="Logged out user can add product to cart">
<kw name="Begin Web Test" library="Common" type="setup">
<kw name="Open Browser" library="SeleniumLibrary">
<doc>Opens a new browser instance to the optional ``url``.</doc>
<arguments>
<arg>about:blank</arg>
<arg>firefox</arg>
</arguments>
<msg timestamp="20200523 15:04:33.565" level="INFO">Opening browser 'firefox' to base url 'about:blank'.</msg>
<msg timestamp="20200523 15:04:33.570" level="INFO">Firefox driver log is always forced to to: C:\development\robot-scripts\amazon\results\geckodriver-29.log</msg>
<status status="PASS" starttime="20200523 15:04:33.565" endtime="20200523 15:04:39.426"></status>
</kw>
<kw name="Maximize Browser Window" library="SeleniumLibrary">
<doc>Maximizes current browser window.</doc>
<status status="PASS" starttime="20200523 15:04:39.426" endtime="20200523 15:04:39.429"></status>
</kw>
<status status="PASS" starttime="20200523 15:04:33.564" endtime="20200523 15:04:39.430"></status>
</kw>
<kw name="Search for Products" library="AmazonApp">
<kw name="Load" library="LandingPage">
<kw name="Go To" library="SeleniumLibrary">
<doc>Navigates the current browser window to the provided ``url``.</doc>
<arguments>
<arg>http://www.amazon.com</arg>
</arguments>
<msg timestamp="20200523 15:04:39.432" level="INFO">Opening url 'http://www.amazon.com'</msg>
<status status="PASS" starttime="20200523 15:04:39.432" endtime="20200523 15:04:41.476"></status>
</kw>
<status status="PASS" starttime="20200523 15:04:39.431" endtime="20200523 15:04:41.476"></status>
</kw>
<kw name="Verify Page Loaded" library="LandingPage">
<kw name="Wait Until Page Contains" library="SeleniumLibrary">
<doc>Waits until ``text`` appears on the current page.</doc>
<arguments>
<arg>Amazon.com</arg>
</arguments>
<status status="PASS" starttime="20200523 15:04:41.477" endtime="20200523 15:04:41.558"></status>
</kw>
<status status="PASS" starttime="20200523 15:04:41.476" endtime="20200523 15:04:41.558"></status>
</kw>
<kw name="Search for Products" library="TopNav">
<kw name="Enter Search Term" library="TopNav">
<kw name="Input Text" library="SeleniumLibrary">
<doc>Types the given ``text`` into the text field identified by ``locator``.</doc>
<arguments>
<arg>id=twotabsearchtextbox</arg>
<arg>Ferrari 458</arg>
</arguments>
<msg timestamp="20200523 15:04:41.559" level="INFO">Typing text 'Ferrari 458' into text field 'id=twotabsearchtextbox'.</msg>
<status status="PASS" starttime="20200523 15:04:41.559" endtime="20200523 15:04:41.728"></status>
</kw>
<status status="PASS" starttime="20200523 15:04:41.558" endtime="20200523 15:04:41.728"></status>
</kw>
<kw name="Submit Search" library="TopNav">
<kw name="Click Button" library="SeleniumLibrary">
<doc>Clicks the button identified by ``locator``.</doc>
<arguments>
<arg>xpath=//*[@id="nav-search"]/form/div[2]/div/input</arg>
</arguments>
<msg timestamp="20200523 15:04:41.728" level="INFO">Clicking button 'xpath=//*[@id="nav-search"]/form/div[2]/div/input'.</msg>
<status status="PASS" starttime="20200523 15:04:41.728" endtime="20200523 15:04:44.248"></status>
</kw>
<status status="PASS" starttime="20200523 15:04:41.728" endtime="20200523 15:04:44.248"></status>
</kw>
<status status="PASS" starttime="20200523 15:04:41.558" endtime="20200523 15:04:44.249"></status>
</kw>
<kw name="Verify Search Completed" library="SearchResults">
<kw name="Wait Until Page Contains" library="SeleniumLibrary">
<doc>Waits until ``text`` appears on the current page.</doc>
<arguments>
<arg>results for "Ferrari 458"</arg>
</arguments>
<status status="PASS" starttime="20200523 15:04:44.249" endtime="20200523 15:04:44.309"></status>
</kw>
<status status="PASS" starttime="20200523 15:04:44.249" endtime="20200523 15:04:44.310"></status>
</kw>
<status status="PASS" starttime="20200523 15:04:39.430" endtime="20200523 15:04:44.310"></status>
</kw>
<kw name="Select Product from Search Results" library="AmazonApp">
<kw name="Click Product Link" library="SearchResults">
<doc>Clicks on the first product in the search results list</doc>
<kw name="Click Link" library="SeleniumLibrary">
<doc>Clicks a link identified by ``locator``.</doc>
<arguments>
<arg>css=div.sg-col-4-of-24:nth-child(5) &gt; div:nth-child(1) &gt; span:nth-child(1) &gt; div:nth-child(1) &gt; div:nth-child(1) &gt; div:nth-child(3) &gt; h2:nth-child(1) &gt; a:nth-child(1)</arg>
</arguments>
<msg timestamp="20200523 15:04:44.311" level="INFO">Clicking link 'css=div.sg-col-4-of-24:nth-child(5) &gt; div:nth-child(1) &gt; span:nth-child(1) &gt; div:nth-child(1) &gt; div:nth-child(1) &gt; div:nth-child(3) &gt; h2:nth-child(1) &gt; a:nth-child(1)'.</msg>
<status status="PASS" starttime="20200523 15:04:44.311" endtime="20200523 15:04:47.407"></status>
</kw>
<status status="PASS" starttime="20200523 15:04:44.311" endtime="20200523 15:04:47.407"></status>
</kw>
<kw name="Verify Page Loaded" library="Product">
<kw name="Wait Until Page Contains" library="SeleniumLibrary">
<doc>Waits until ``text`` appears on the current page.</doc>
<arguments>
<arg>Back to results</arg>
</arguments>
<status status="PASS" starttime="20200523 15:04:47.407" endtime="20200523 15:04:47.517"></status>
</kw>
<status status="PASS" starttime="20200523 15:04:47.407" endtime="20200523 15:04:47.517"></status>
</kw>
<status status="PASS" starttime="20200523 15:04:44.310" endtime="20200523 15:04:47.517"></status>
</kw>
<kw name="Add Product to Cart" library="AmazonApp">
<kw name="Add to Cart" library="Product">
<kw name="Click Button" library="SeleniumLibrary">
<doc>Clicks the button identified by ``locator``.</doc>
<arguments>
<arg>id=add-to-cart-button</arg>
</arguments>
<msg timestamp="20200523 15:04:47.518" level="INFO">Clicking button 'id=add-to-cart-button'.</msg>
<status status="PASS" starttime="20200523 15:04:47.518" endtime="20200523 15:04:49.305"></status>
</kw>
<status status="PASS" starttime="20200523 15:04:47.518" endtime="20200523 15:04:49.305"></status>
</kw>
<kw name="Verify Product Added" library="Cart">
<kw name="Wait Until Page Contains" library="SeleniumLibrary">
<doc>Waits until ``text`` appears on the current page.</doc>
<arguments>
<arg>Added to Cart</arg>
</arguments>
<status status="PASS" starttime="20200523 15:04:49.306" endtime="20200523 15:04:49.326"></status>
</kw>
<status status="PASS" starttime="20200523 15:04:49.305" endtime="20200523 15:04:49.326"></status>
</kw>
<status status="PASS" starttime="20200523 15:04:47.518" endtime="20200523 15:04:49.326"></status>
</kw>
<kw name="End Web Test" library="Common" type="teardown">
<kw name="Close Browser" library="SeleniumLibrary">
<doc>Closes the current browser.</doc>
<status status="PASS" starttime="20200523 15:04:49.327" endtime="20200523 15:04:52.309"></status>
</kw>
<status status="PASS" starttime="20200523 15:04:49.327" endtime="20200523 15:04:52.309"></status>
</kw>
<tags>
<tag>Smoke</tag>
</tags>
<status status="PASS" starttime="20200523 15:04:33.564" endtime="20200523 15:04:52.309" critical="yes"></status>
</test>
<test id="s1-t4" name="Logged out user must sign in to check out">
<kw name="Begin Web Test" library="Common" type="setup">
<kw name="Open Browser" library="SeleniumLibrary">
<doc>Opens a new browser instance to the optional ``url``.</doc>
<arguments>
<arg>about:blank</arg>
<arg>firefox</arg>
</arguments>
<msg timestamp="20200523 15:04:52.311" level="INFO">Opening browser 'firefox' to base url 'about:blank'.</msg>
<msg timestamp="20200523 15:04:52.317" level="INFO">Firefox driver log is always forced to to: C:\development\robot-scripts\amazon\results\geckodriver-30.log</msg>
<status status="PASS" starttime="20200523 15:04:52.311" endtime="20200523 15:04:58.282"></status>
</kw>
<kw name="Maximize Browser Window" library="SeleniumLibrary">
<doc>Maximizes current browser window.</doc>
<status status="PASS" starttime="20200523 15:04:58.283" endtime="20200523 15:04:58.293"></status>
</kw>
<status status="PASS" starttime="20200523 15:04:52.311" endtime="20200523 15:04:58.293"></status>
</kw>
<kw name="Search for Products" library="AmazonApp">
<kw name="Load" library="LandingPage">
<kw name="Go To" library="SeleniumLibrary">
<doc>Navigates the current browser window to the provided ``url``.</doc>
<arguments>
<arg>http://www.amazon.com</arg>
</arguments>
<msg timestamp="20200523 15:04:58.295" level="INFO">Opening url 'http://www.amazon.com'</msg>
<status status="PASS" starttime="20200523 15:04:58.295" endtime="20200523 15:05:00.757"></status>
</kw>
<status status="PASS" starttime="20200523 15:04:58.294" endtime="20200523 15:05:00.757"></status>
</kw>
<kw name="Verify Page Loaded" library="LandingPage">
<kw name="Wait Until Page Contains" library="SeleniumLibrary">
<doc>Waits until ``text`` appears on the current page.</doc>
<arguments>
<arg>Amazon.com</arg>
</arguments>
<status status="PASS" starttime="20200523 15:05:00.758" endtime="20200523 15:05:00.786"></status>
</kw>
<status status="PASS" starttime="20200523 15:05:00.757" endtime="20200523 15:05:00.787"></status>
</kw>
<kw name="Search for Products" library="TopNav">
<kw name="Enter Search Term" library="TopNav">
<kw name="Input Text" library="SeleniumLibrary">
<doc>Types the given ``text`` into the text field identified by ``locator``.</doc>
<arguments>
<arg>id=twotabsearchtextbox</arg>
<arg>Ferrari 458</arg>
</arguments>
<msg timestamp="20200523 15:05:00.787" level="INFO">Typing text 'Ferrari 458' into text field 'id=twotabsearchtextbox'.</msg>
<status status="PASS" starttime="20200523 15:05:00.787" endtime="20200523 15:05:00.899"></status>
</kw>
<status status="PASS" starttime="20200523 15:05:00.787" endtime="20200523 15:05:00.899"></status>
</kw>
<kw name="Submit Search" library="TopNav">
<kw name="Click Button" library="SeleniumLibrary">
<doc>Clicks the button identified by ``locator``.</doc>
<arguments>
<arg>xpath=//*[@id="nav-search"]/form/div[2]/div/input</arg>
</arguments>
<msg timestamp="20200523 15:05:00.900" level="INFO">Clicking button 'xpath=//*[@id="nav-search"]/form/div[2]/div/input'.</msg>
<status status="PASS" starttime="20200523 15:05:00.900" endtime="20200523 15:05:02.771"></status>
</kw>
<status status="PASS" starttime="20200523 15:05:00.900" endtime="20200523 15:05:02.771"></status>
</kw>
<status status="PASS" starttime="20200523 15:05:00.787" endtime="20200523 15:05:02.771"></status>
</kw>
<kw name="Verify Search Completed" library="SearchResults">
<kw name="Wait Until Page Contains" library="SeleniumLibrary">
<doc>Waits until ``text`` appears on the current page.</doc>
<arguments>
<arg>results for "Ferrari 458"</arg>
</arguments>
<status status="PASS" starttime="20200523 15:05:02.771" endtime="20200523 15:05:02.805"></status>
</kw>
<status status="PASS" starttime="20200523 15:05:02.771" endtime="20200523 15:05:02.805"></status>
</kw>
<status status="PASS" starttime="20200523 15:04:58.294" endtime="20200523 15:05:02.805"></status>
</kw>
<kw name="Select Product from Search Results" library="AmazonApp">
<kw name="Click Product Link" library="SearchResults">
<doc>Clicks on the first product in the search results list</doc>
<kw name="Click Link" library="SeleniumLibrary">
<doc>Clicks a link identified by ``locator``.</doc>
<arguments>
<arg>css=div.sg-col-4-of-24:nth-child(5) &gt; div:nth-child(1) &gt; span:nth-child(1) &gt; div:nth-child(1) &gt; div:nth-child(1) &gt; div:nth-child(3) &gt; h2:nth-child(1) &gt; a:nth-child(1)</arg>
</arguments>
<msg timestamp="20200523 15:05:02.807" level="INFO">Clicking link 'css=div.sg-col-4-of-24:nth-child(5) &gt; div:nth-child(1) &gt; span:nth-child(1) &gt; div:nth-child(1) &gt; div:nth-child(1) &gt; div:nth-child(3) &gt; h2:nth-child(1) &gt; a:nth-child(1)'.</msg>
<status status="PASS" starttime="20200523 15:05:02.807" endtime="20200523 15:05:06.089"></status>
</kw>
<status status="PASS" starttime="20200523 15:05:02.806" endtime="20200523 15:05:06.089"></status>
</kw>
<kw name="Verify Page Loaded" library="Product">
<kw name="Wait Until Page Contains" library="SeleniumLibrary">
<doc>Waits until ``text`` appears on the current page.</doc>
<arguments>
<arg>Back to results</arg>
</arguments>
<status status="PASS" starttime="20200523 15:05:06.089" endtime="20200523 15:05:06.153"></status>
</kw>
<status status="PASS" starttime="20200523 15:05:06.089" endtime="20200523 15:05:06.154"></status>
</kw>
<status status="PASS" starttime="20200523 15:05:02.806" endtime="20200523 15:05:06.154"></status>
</kw>
<kw name="Add Product to Cart" library="AmazonApp">
<kw name="Add to Cart" library="Product">
<kw name="Click Button" library="SeleniumLibrary">
<doc>Clicks the button identified by ``locator``.</doc>
<arguments>
<arg>id=add-to-cart-button</arg>
</arguments>
<msg timestamp="20200523 15:05:06.155" level="INFO">Clicking button 'id=add-to-cart-button'.</msg>
<status status="PASS" starttime="20200523 15:05:06.155" endtime="20200523 15:05:08.346"></status>
</kw>
<status status="PASS" starttime="20200523 15:05:06.154" endtime="20200523 15:05:08.346"></status>
</kw>
<kw name="Verify Product Added" library="Cart">
<kw name="Wait Until Page Contains" library="SeleniumLibrary">
<doc>Waits until ``text`` appears on the current page.</doc>
<arguments>
<arg>Added to Cart</arg>
</arguments>
<status status="PASS" starttime="20200523 15:05:08.347" endtime="20200523 15:05:08.421"></status>
</kw>
<status status="PASS" starttime="20200523 15:05:08.346" endtime="20200523 15:05:08.421"></status>
</kw>
<status status="PASS" starttime="20200523 15:05:06.154" endtime="20200523 15:05:08.421"></status>
</kw>
<kw name="Begin Checkout" library="AmazonApp">
<kw name="Proceed to Checkout" library="Cart">
<kw name="Click Link" library="SeleniumLibrary">
<doc>Clicks a link identified by ``locator``.</doc>
<arguments>
<arg>id=hlb-ptc-btn-native</arg>
</arguments>
<msg timestamp="20200523 15:05:08.423" level="INFO">Clicking link 'id=hlb-ptc-btn-native'.</msg>
<status status="PASS" starttime="20200523 15:05:08.422" endtime="20200523 15:05:09.186"></status>
</kw>
<status status="PASS" starttime="20200523 15:05:08.422" endtime="20200523 15:05:09.186"></status>
</kw>
<kw name="Verify Page Loaded" library="SignIn">
<kw name="Page Should Contain" library="SeleniumLibrary">
<doc>Verifies that current page contains ``text``.</doc>
<arguments>
<arg>Sign-In</arg>
</arguments>
<msg timestamp="20200523 15:05:09.327" level="INFO">Current page contains text 'Sign-In'.</msg>
<status status="PASS" starttime="20200523 15:05:09.186" endtime="20200523 15:05:09.327"></status>
</kw>
<status status="PASS" starttime="20200523 15:05:09.186" endtime="20200523 15:05:09.327"></status>
</kw>
<status status="PASS" starttime="20200523 15:05:08.422" endtime="20200523 15:05:09.327"></status>
</kw>
<kw name="End Web Test" library="Common" type="teardown">
<kw name="Close Browser" library="SeleniumLibrary">
<doc>Closes the current browser.</doc>
<status status="PASS" starttime="20200523 15:05:09.328" endtime="20200523 15:05:12.230"></status>
</kw>
<status status="PASS" starttime="20200523 15:05:09.328" endtime="20200523 15:05:12.231"></status>
</kw>
<tags>
<tag>Smoke</tag>
</tags>
<status status="PASS" starttime="20200523 15:04:52.310" endtime="20200523 15:05:12.231" critical="yes"></status>
</test>
<doc>This is some basic info about the whole suite</doc>
<status status="PASS" starttime="20200523 15:04:03.811" endtime="20200523 15:05:12.233"></status>
</suite>
<statistics>
<total>
<stat pass="4" fail="0">Critical Tests</stat>
<stat pass="4" fail="0">All Tests</stat>
</total>
<tag>
<stat pass="4" fail="0">Smoke</stat>
</tag>
<suite>
<stat pass="4" fail="0" id="s1" name="Amazon">Amazon</stat>
</suite>
</statistics>
<errors>
</errors>
</robot>
